\BOOKMARK [0][-]{figure.caption.2}{Resumen en espa\361ol}{}% 1
\BOOKMARK [0][-]{figure.caption.2}{Resumen en ingl\351s}{}% 2
\BOOKMARK [0][-]{chapter*.3}{Dedicatoria}{}% 3
\BOOKMARK [0][-]{chapter*.4}{Agradecimientos}{}% 4
\BOOKMARK [0][-]{chapter*.6}{Lista de figuras}{}% 5
\BOOKMARK [0][-]{chapter*.7}{Lista de tablas}{}% 6
\BOOKMARK [0][-]{chapter.1}{Introducci\363n}{}% 7
\BOOKMARK [1][-]{section.1.1}{Definici\363n del problema}{chapter.1}% 8
\BOOKMARK [1][-]{section.1.2}{Justificaci\363n}{chapter.1}% 9
\BOOKMARK [1][-]{section.1.3}{Objetivo general}{chapter.1}% 10
\BOOKMARK [1][-]{section.1.4}{Objetivos espec\355ficos}{chapter.1}% 11
\BOOKMARK [1][-]{section.1.5}{Limitaciones y suposiciones}{chapter.1}% 12
\BOOKMARK [1][-]{section.1.6}{Reconocimiento de gestos con la manos}{chapter.1}% 13
\BOOKMARK [1][-]{section.1.7}{Estado del arte}{chapter.1}% 14
\BOOKMARK [2][-]{subsection.1.7.1}{Modelos de contacto}{section.1.7}% 15
\BOOKMARK [2][-]{subsection.1.7.2}{Modelos basados en la visi\363n}{section.1.7}% 16
\BOOKMARK [2][-]{subsection.1.7.3}{Sistemas comerciales}{section.1.7}% 17
\BOOKMARK [1][-]{section.1.8}{Organizaci\363n de la tesis}{chapter.1}% 18
\BOOKMARK [0][-]{chapter.2}{Marco te\363rico}{}% 19
\BOOKMARK [1][-]{section.2.1}{Gestos}{chapter.2}% 20
\BOOKMARK [1][-]{section.2.2}{Reconocimiento de gestos con la manos}{chapter.2}% 21
\BOOKMARK [2][-]{subsection.2.2.1}{Etapas del reconocimiento}{section.2.2}% 22
\BOOKMARK [3][-]{subsubsection.2.2.1.1}{Detecci\363n}{subsection.2.2.1}% 23
\BOOKMARK [3][-]{subsubsection.2.2.1.2}{Seguimiento}{subsection.2.2.1}% 24
\BOOKMARK [3][-]{subsubsection.2.2.1.3}{Reconocimiento}{subsection.2.2.1}% 25
\BOOKMARK [1][-]{section.2.3}{Imagen}{chapter.2}% 26
\BOOKMARK [1][-]{section.2.4}{Oclusi\363n}{chapter.2}% 27
\BOOKMARK [0][-]{chapter.3}{Sistema de reconocimiento de gestos propuesto}{}% 28
\BOOKMARK [1][-]{section.3.1}{Adquisici\363n de los datos: sensor Kinect}{chapter.3}% 29
\BOOKMARK [1][-]{section.3.2}{Detecci\363n: detecci\363n r\341pida de objetos usando caracter\355sticas simples utilizando el clasificador AdaBoost en forma de cascada.}{chapter.3}% 30
\BOOKMARK [2][-]{subsection.3.2.1}{Caracter\355sticas Haar}{section.3.2}% 31
\BOOKMARK [2][-]{subsection.3.2.2}{Imagen integral}{section.3.2}% 32
\BOOKMARK [2][-]{subsection.3.2.3}{Clasificador AdaBoost}{section.3.2}% 33
\BOOKMARK [2][-]{subsection.3.2.4}{Clasificador AdaBoost en Cascada}{section.3.2}% 34
\BOOKMARK [1][-]{section.3.3}{Binarizaci\363n}{chapter.3}% 35
\BOOKMARK [1][-]{section.3.4}{Operaciones Morfol\363gicas}{chapter.3}% 36
\BOOKMARK [2][-]{subsection.3.4.1}{Dilataci\363n}{section.3.4}% 37
\BOOKMARK [2][-]{subsection.3.4.2}{Erosi\363n}{section.3.4}% 38
\BOOKMARK [2][-]{subsection.3.4.3}{Apertura}{section.3.4}% 39
\BOOKMARK [2][-]{subsection.3.4.4}{Cierre}{section.3.4}% 40
\BOOKMARK [1][-]{section.3.5}{Extracci\363n de caracter\355sticas: casco convexo y defectos de convexidad}{chapter.3}% 41
\BOOKMARK [1][-]{section.3.6}{Reconocimiento: m\341quinas de soporte vectorial}{chapter.3}% 42
\BOOKMARK [0][-]{chapter.4}{Implementaci\363n del sistema de reconocimiento de gestos propuesto}{}% 43
\BOOKMARK [1][-]{section.4.1}{Adquisici\363n de los datos}{chapter.4}% 44
\BOOKMARK [1][-]{section.4.2}{Detecci\363n}{chapter.4}% 45
\BOOKMARK [1][-]{section.4.3}{Extracci\363n de caracter\355sticas}{chapter.4}% 46
\BOOKMARK [1][-]{section.4.4}{Reconocimiento}{chapter.4}% 47
\BOOKMARK [0][-]{chapter.5}{Resultados}{}% 48
\BOOKMARK [0][-]{chapter.6}{Conclusiones}{}% 49
\BOOKMARK [1][-]{section.6.1}{Limitaciones del sistema}{chapter.6}% 50
\BOOKMARK [1][-]{section.6.2}{Trabajo futuro}{chapter.6}% 51
\BOOKMARK [0][-]{section.6.2}{Lista de referencias bibliogr\341ficas}{}% 52
