\BOOKMARK [0][-]{figure.caption.1}{Resumen en espa\361ol}{}% 1
\BOOKMARK [0][-]{figure.caption.1}{Resumen en ingl\351s}{}% 2
\BOOKMARK [0][-]{chapter*.2}{Dedicatoria}{}% 3
\BOOKMARK [0][-]{chapter*.3}{Agradecimientos}{}% 4
\BOOKMARK [0][-]{chapter*.5}{Lista de figuras}{}% 5
\BOOKMARK [0][-]{chapter*.6}{Lista de tablas}{}% 6
\BOOKMARK [0][-]{chapter.1}{Introducci\363n}{}% 7
\BOOKMARK [1][-]{section.1.1}{Definici\363n del problema}{chapter.1}% 8
\BOOKMARK [1][-]{section.1.2}{Justificaci\363n}{chapter.1}% 9
\BOOKMARK [1][-]{section.1.3}{Objetivo general}{chapter.1}% 10
\BOOKMARK [1][-]{section.1.4}{Objetivos especificos}{chapter.1}% 11
\BOOKMARK [1][-]{section.1.5}{Limitaciones y suposiciones}{chapter.1}% 12
\BOOKMARK [1][-]{section.1.6}{Reconocimiento de gestos con la manos}{chapter.1}% 13
\BOOKMARK [2][-]{subsection.1.6.1}{Etapas del reconocimiento de gestos}{section.1.6}% 14
\BOOKMARK [3][-]{subsubsection.1.6.1.1}{Detecci\363n}{subsection.1.6.1}% 15
\BOOKMARK [3][-]{subsubsection.1.6.1.2}{Seguimiento}{subsection.1.6.1}% 16
\BOOKMARK [3][-]{subsubsection.1.6.1.3}{Reconocimiento}{subsection.1.6.1}% 17
\BOOKMARK [1][-]{section.1.7}{Estado del arte}{chapter.1}% 18
\BOOKMARK [1][-]{section.1.8}{Organizaci\363n de la tesis}{chapter.1}% 19
\BOOKMARK [0][-]{chapter.2}{Marco te\363rico}{}% 20
\BOOKMARK [1][-]{section.2.1}{Detecci\363n r\341pida de objetos usando caracter\355sticas simples utilizando el clasificador de cascada impulsada}{chapter.2}% 21
\BOOKMARK [2][-]{subsubsection.2.1.0.4}{Another title}{section.2.1}% 22
\BOOKMARK [0][-]{chapter.3}{Wow title}{}% 23
\BOOKMARK [1][-]{section.3.1}{Stuff}{chapter.3}% 24
\BOOKMARK [1][-]{section.3.2}{Testing tables}{chapter.3}% 25
\BOOKMARK [1][-]{section.3.3}{Testing equations}{chapter.3}% 26
\BOOKMARK [1][-]{section.3.4}{Dise\361o de un m\351todo para identificar fatiga f\355sica}{chapter.3}% 27
\BOOKMARK [2][-]{subsection.3.4.1}{Extracci\363n de par\341metros}{section.3.4}% 28
\BOOKMARK [2][-]{subsection.3.4.2}{C\341lculo de la demanda de ox\355geno}{section.3.4}% 29
\BOOKMARK [0][-]{chapter.4}{Very t\355tulo}{}% 30
\BOOKMARK [0][-]{chapter.5}{Other much title}{}% 31
\BOOKMARK [0][-]{chapter.6}{T\355tulo}{}% 32
\BOOKMARK [0][-]{chapter.7}{Otro t\355tulo}{}% 33
\BOOKMARK [0][-]{chapter.8}{Conclusiones}{}% 34
\BOOKMARK [0][-]{chapter.8}{Lista de referencias}{}% 35
\BOOKMARK [0][-]{appendix.Alph9}{Ap\351ndice}{}% 36
