\BOOKMARK [0][-]{figure.caption.2}{Resumen en espa\361ol}{}% 1
\BOOKMARK [0][-]{figure.caption.2}{Resumen en ingl\351s}{}% 2
\BOOKMARK [0][-]{chapter*.3}{Dedicatoria}{}% 3
\BOOKMARK [0][-]{chapter*.4}{Agradecimientos}{}% 4
\BOOKMARK [0][-]{chapter*.6}{Lista de figuras}{}% 5
\BOOKMARK [0][-]{chapter*.7}{Lista de tablas}{}% 6
\BOOKMARK [0][-]{chapter.1}{Introducci\363n}{}% 7
\BOOKMARK [1][-]{section.1.1}{Definici\363n del problema}{chapter.1}% 8
\BOOKMARK [1][-]{section.1.2}{Justificaci\363n}{chapter.1}% 9
\BOOKMARK [1][-]{section.1.3}{Objetivo general}{chapter.1}% 10
\BOOKMARK [1][-]{section.1.4}{Objetivos espec\355ficos}{chapter.1}% 11
\BOOKMARK [1][-]{section.1.5}{Limitaciones y suposiciones}{chapter.1}% 12
\BOOKMARK [1][-]{section.1.6}{Reconocimiento de gestos con la manos}{chapter.1}% 13
\BOOKMARK [1][-]{section.1.7}{Estado del arte}{chapter.1}% 14
\BOOKMARK [2][-]{subsection.1.7.1}{Modelos de contacto}{section.1.7}% 15
\BOOKMARK [2][-]{subsection.1.7.2}{Modelos basados en la visi\363n}{section.1.7}% 16
\BOOKMARK [2][-]{subsection.1.7.3}{Sistemas comerciales}{section.1.7}% 17
\BOOKMARK [1][-]{section.1.8}{Organizaci\363n de la tesis}{chapter.1}% 18
\BOOKMARK [0][-]{chapter.2}{Marco te\363rico}{}% 19
\BOOKMARK [1][-]{section.2.1}{Gestos}{chapter.2}% 20
\BOOKMARK [1][-]{section.2.2}{Reconocimiento de gestos con la manos}{chapter.2}% 21
\BOOKMARK [2][-]{subsection.2.2.1}{Etapas del reconocimiento}{section.2.2}% 22
\BOOKMARK [3][-]{subsubsection.2.2.1.1}{Adquisici\363n de datos}{subsection.2.2.1}% 23
\BOOKMARK [3][-]{subsubsection.2.2.1.2}{Detecci\363n}{subsection.2.2.1}% 24
\BOOKMARK [3][-]{subsubsection.2.2.1.3}{Extracci\363n de caracter\355sticas y seguimiento}{subsection.2.2.1}% 25
\BOOKMARK [3][-]{subsubsection.2.2.1.4}{Reconocimiento}{subsection.2.2.1}% 26
\BOOKMARK [1][-]{section.2.3}{Imagen}{chapter.2}% 27
\BOOKMARK [1][-]{section.2.4}{Obstrucci\363n}{chapter.2}% 28
\BOOKMARK [1][-]{section.2.5}{M\351tricas de desempe\361o}{chapter.2}% 29
\BOOKMARK [0][-]{chapter.3}{Sistema de reconocimiento de gestos propuesto}{}% 30
\BOOKMARK [1][-]{section.3.1}{Adquisici\363n de los datos}{chapter.3}% 31
\BOOKMARK [2][-]{subsection.3.1.1}{Kinect}{section.3.1}% 32
\BOOKMARK [2][-]{subsection.3.1.2}{Filtro de mediana}{section.3.1}% 33
\BOOKMARK [1][-]{section.3.2}{Detecci\363n}{chapter.3}% 34
\BOOKMARK [2][-]{subsection.3.2.1}{M\351todo detecci\363n r\341pida de objetos usando caracter\355sticas simples utilizando el clasificador AdaBoost en forma de cascada}{section.3.2}% 35
\BOOKMARK [3][-]{subsubsection.3.2.1.1}{Caracter\355sticas Haar}{subsection.3.2.1}% 36
\BOOKMARK [3][-]{subsubsection.3.2.1.2}{Imagen integral}{subsection.3.2.1}% 37
\BOOKMARK [3][-]{subsubsection.3.2.1.3}{Algoritmo AdaBoost}{subsection.3.2.1}% 38
\BOOKMARK [3][-]{subsubsection.3.2.1.4}{Clasificador AdaBoost en cascada}{subsection.3.2.1}% 39
\BOOKMARK [2][-]{subsection.3.2.2}{Binarizaci\363n}{section.3.2}% 40
\BOOKMARK [2][-]{subsection.3.2.3}{Operaciones Morfol\363gicas}{section.3.2}% 41
\BOOKMARK [3][-]{subsubsection.3.2.3.1}{Dilataci\363n}{subsection.3.2.3}% 42
\BOOKMARK [3][-]{subsubsection.3.2.3.2}{Erosi\363n}{subsection.3.2.3}% 43
\BOOKMARK [3][-]{subsubsection.3.2.3.3}{Apertura}{subsection.3.2.3}% 44
\BOOKMARK [3][-]{subsubsection.3.2.3.4}{Cierre}{subsection.3.2.3}% 45
\BOOKMARK [1][-]{section.3.3}{Extracci\363n de caracter\355sticas}{chapter.3}% 46
\BOOKMARK [1][-]{section.3.4}{Reconocimiento}{chapter.3}% 47
\BOOKMARK [0][-]{chapter.4}{Implementaci\363n del sistema de reconocimiento de gestos propuesto}{}% 48
\BOOKMARK [1][-]{section.4.1}{Adquisici\363n de los datos}{chapter.4}% 49
\BOOKMARK [1][-]{section.4.2}{Detecci\363n}{chapter.4}% 50
\BOOKMARK [1][-]{section.4.3}{Extracci\363n de caracter\355sticas}{chapter.4}% 51
\BOOKMARK [1][-]{section.4.4}{Reconocimiento}{chapter.4}% 52
\BOOKMARK [2][-]{subsection.4.4.1}{Reconocimiento de gestos est\341ticos}{section.4.4}% 53
\BOOKMARK [2][-]{subsection.4.4.2}{Reconocimiento de gestos din\341micos}{section.4.4}% 54
\BOOKMARK [0][-]{chapter.5}{Resultados}{}% 55
\BOOKMARK [1][-]{section.5.1}{Experimentos de gestos est\341ticos}{chapter.5}% 56
\BOOKMARK [2][-]{subsection.5.1.1}{Experimentos con iluminaci\363n}{section.5.1}% 57
\BOOKMARK [2][-]{subsection.5.1.2}{Experimentos con iluminaci\363n media}{section.5.1}% 58
\BOOKMARK [2][-]{subsection.5.1.3}{Experimentos sin iluminaci\363n}{section.5.1}% 59
\BOOKMARK [1][-]{section.5.2}{Experimentos de gestos din\341micos}{chapter.5}% 60
\BOOKMARK [2][-]{subsection.5.2.1}{Experimentos con iluminaci\363n media}{section.5.2}% 61
\BOOKMARK [2][-]{subsection.5.2.2}{Experimentos sin iluminaci\363n}{section.5.2}% 62
\BOOKMARK [1][-]{section.5.3}{Comparaci\363n con estado del arte.}{chapter.5}% 63
\BOOKMARK [0][-]{chapter.6}{Conclusiones}{}% 64
\BOOKMARK [1][-]{section.6.1}{Trabajo futuro}{chapter.6}% 65
\BOOKMARK [0][-]{section.6.1}{Lista de referencias bibliogr\341ficas}{}% 66
