This is pdfTeX, Version 3.1415926-2.5-1.40.14 (TeX Live 2013/TeX Live for SUSE Linux) (format=pdflatex 2015.4.1)  7 DEC 2015 19:44
entering extended mode
 restricted \write18 enabled.
 %&-line parsing enabled.
**iTesis.tex
(./iTesis.tex
LaTeX2e <2011/06/27>
Babel <3.9f> and hyphenation patterns for 78 languages loaded.
(./cicese.cls
Document Class: cicese 2001/04/21 v1.4e Standard LaTeX document class
(/usr/share/texmf/tex/latex/base/size12.clo
File: size12.clo 2007/10/19 v1.4h Standard LaTeX file (size option)
)
\c@part=\count79
\c@chapter=\count80
\c@appendix=\count81
\c@section=\count82
\c@subsection=\count83
\c@subsubsection=\count84
\c@paragraph=\count85
\c@subparagraph=\count86
\c@figure=\count87
\c@table=\count88
\abovecaptionskip=\skip41
\belowcaptionskip=\skip42
\bibindent=\dimen102
)
(/usr/share/texmf/tex/latex/marvosym/marvosym.sty
Package: marvosym 2011/07/20 v2.2 Martin Vogel's Symbols font definitions
)
(/usr/share/texmf/tex/latex/geometry/geometry.sty
Package: geometry 2010/09/12 v5.6 Page Geometry

(/usr/share/texmf/tex/latex/graphics/keyval.sty
Package: keyval 1999/03/16 v1.13 key=value parser (DPC)
\KV@toks@=\toks14
)
(/usr/share/texmf/tex/generic/oberdiek/ifpdf.sty
Package: ifpdf 2011/01/30 v2.3 Provides the ifpdf switch (HO)
Package ifpdf Info: pdfTeX in PDF mode is detected.
)
(/usr/share/texmf/tex/generic/oberdiek/ifvtex.sty
Package: ifvtex 2010/03/01 v1.5 Detect VTeX and its facilities (HO)
Package ifvtex Info: VTeX not detected.
)
(/usr/share/texmf/tex/generic/ifxetex/ifxetex.sty
Package: ifxetex 2010/09/12 v0.6 Provides ifxetex conditional
)
\Gm@cnth=\count89
\Gm@cntv=\count90
\c@Gm@tempcnt=\count91
\Gm@bindingoffset=\dimen103
\Gm@wd@mp=\dimen104
\Gm@odd@mp=\dimen105
\Gm@even@mp=\dimen106
\Gm@layoutwidth=\dimen107
\Gm@layoutheight=\dimen108
\Gm@layouthoffset=\dimen109
\Gm@layoutvoffset=\dimen110
\Gm@dimlist=\toks15
)
(/usr/share/texmf/tex/latex/psnfss/helvet.sty
Package: helvet 2005/04/12 PSNFSS-v9.2a (WaS) 
)
(/usr/share/texmf/tex/generic/babel/babel.sty
Package: babel 2013/05/16 v3.9f The Babel package

(/usr/share/texmf/tex/generic/babel-spanish/spanish.ldf
Language: spanish.ldf 2010/05/23 v5.0j Spanish support from the babel system

(/usr/share/texmf/tex/generic/babel/babel.def
File: babel.def 2013/05/16 v3.9f Babel common definitions
\babel@savecnt=\count92
\U@D=\dimen111
)
\es@datefmt=\count93
\es@quottoks=\toks16
\es@quotdepth=\count94
Package babel Info: Making " an active character on input line 495.
))
(/usr/share/texmf/tex/latex/base/inputenc.sty
Package: inputenc 2008/03/30 v1.1d Input encoding file
\inpenc@prehook=\toks17
\inpenc@posthook=\toks18

(/usr/share/texmf/tex/latex/ucs/utf8x.def
File: utf8x.def 2004/10/17 UCS: Input encoding UTF-8
))
(/usr/share/texmf/tex/latex/ucs/ucs.sty
Package: ucs 2013/05/11 v2.2 UCS: Unicode input support

(/usr/share/texmf/tex/latex/ucs/data/uni-global.def
File: uni-global.def 2013/05/13 UCS: Unicode global data
)
\uc@secondtry=\count95
\uc@combtoks=\toks19
\uc@combtoksb=\toks20
\uc@temptokena=\toks21
)
(/usr/share/texmf/tex/latex/mdframed/mdframed.sty
Package: mdframed 2013/03/09\ 1.8: mdframed

(/usr/share/texmf/tex/latex/oberdiek/kvoptions.sty
Package: kvoptions 2011/06/30 v3.11 Key value format for package options (HO)

(/usr/share/texmf/tex/generic/oberdiek/ltxcmds.sty
Package: ltxcmds 2011/11/09 v1.22 LaTeX kernel commands for general use (HO)
)
(/usr/share/texmf/tex/generic/oberdiek/kvsetkeys.sty
Package: kvsetkeys 2012/04/25 v1.16 Key value parser (HO)

(/usr/share/texmf/tex/generic/oberdiek/infwarerr.sty
Package: infwarerr 2010/04/08 v1.3 Providing info/warning/error messages (HO)
)
(/usr/share/texmf/tex/generic/oberdiek/etexcmds.sty
Package: etexcmds 2011/02/16 v1.5 Avoid name clashes with e-TeX commands (HO)

(/usr/share/texmf/tex/generic/oberdiek/ifluatex.sty
Package: ifluatex 2010/03/01 v1.3 Provides the ifluatex switch (HO)
Package ifluatex Info: LuaTeX not detected.
)
Package etexcmds Info: Could not find \expanded.
(etexcmds)             That can mean that you are not using pdfTeX 1.50 or
(etexcmds)             that some package has redefined \expanded.
(etexcmds)             In the latter case, load this package earlier.
)))
(/usr/share/texmf/tex/latex/l3packages/xparse/xparse.sty
(/usr/share/texmf/tex/latex/l3kernel/expl3.sty
(/usr/share/texmf/tex/latex/l3kernel/l3names.sty
(/usr/share/texmf/tex/latex/l3kernel/l3bootstrap.sty
Package: l3bootstrap 2013/01/08 v4420 L3 Experimental bootstrap code
)
Package: l3names 2012/12/07 v4346 L3 Namespace for primitives
)
(/usr/share/texmf/tex/latex/etex-pkg/etex.sty
Package: etex 1998/03/26 v2.0 eTeX basic definition package (PEB)
\et@xins=\count96
)
Package: expl3 2013/03/14 v4469 L3 Experimental code bundle wrapper

(/usr/share/texmf/tex/latex/l3kernel/l3basics.sty
Package: l3basics 2013/01/10 v4428 L3 Basic definitions
)
(/usr/share/texmf/tex/latex/l3kernel/l3expan.sty
Package: l3expan 2013/02/03 v4458 L3 Argument expansion
)
(/usr/share/texmf/tex/latex/l3kernel/l3tl.sty
Package: l3tl 2013/01/08 v4415 L3 Token lists
)
(/usr/share/texmf/tex/latex/l3kernel/l3seq.sty
Package: l3seq 2013/01/12 v4434 L3 Sequences and stacks
)
(/usr/share/texmf/tex/latex/l3kernel/l3int.sty
Package: l3int 2013/01/13 v4444 L3 Integers
\c_max_int=\count97
\l_tmpa_int=\count98
\l_tmpb_int=\count99
\g_tmpa_int=\count100
\g_tmpb_int=\count101
)
(/usr/share/texmf/tex/latex/l3kernel/l3quark.sty
Package: l3quark 2012/11/04 v4268 L3 Quarks
)
(/usr/share/texmf/tex/latex/l3kernel/l3prg.sty
Package: l3prg 2013/02/13 v4459 L3 Control structures
\g__prg_map_int=\count102
)
(/usr/share/texmf/tex/latex/l3kernel/l3clist.sty
Package: l3clist 2013/01/08 v4414 L3 Comma separated lists
)
(/usr/share/texmf/tex/latex/l3kernel/l3token.sty
Package: l3token 2013/01/10 v4428 L3 Experimental token manipulation
)
(/usr/share/texmf/tex/latex/l3kernel/l3prop.sty
Package: l3prop 2013/01/09 v4423 L3 Property lists
)
(/usr/share/texmf/tex/latex/l3kernel/l3msg.sty
Package: l3msg 2013/01/08 v4412 L3 Messages
)
(/usr/share/texmf/tex/latex/l3kernel/l3file.sty
Package: l3file 2013/01/14 v4446 L3 File and I/O operations
\l_iow_line_count_int=\count103
\l__iow_target_count_int=\count104
\l__iow_current_line_int=\count105
\l__iow_current_word_int=\count106
\l__iow_current_indentation_int=\count107
)
(/usr/share/texmf/tex/latex/l3kernel/l3skip.sty
Package: l3skip 2013/01/13 v4444 L3 Dimensions and skips
\c_zero_dim=\dimen112
\c_max_dim=\dimen113
\l_tmpa_dim=\dimen114
\l_tmpb_dim=\dimen115
\g_tmpa_dim=\dimen116
\g_tmpb_dim=\dimen117
\c_zero_skip=\skip43
\c_max_skip=\skip44
\l_tmpa_skip=\skip45
\l_tmpb_skip=\skip46
\g_tmpa_skip=\skip47
\g_tmpb_skip=\skip48
\c_zero_muskip=\muskip10
\c_max_muskip=\muskip11
\l_tmpa_muskip=\muskip12
\l_tmpb_muskip=\muskip13
\g_tmpa_muskip=\muskip14
\g_tmpb_muskip=\muskip15
)
(/usr/share/texmf/tex/latex/l3kernel/l3keys.sty
Package: l3keys 2013/02/24 v4461 L3 Experimental key-value interfaces
\g__keyval_level_int=\count108
\l_keys_choice_int=\count109
)
(/usr/share/texmf/tex/latex/l3kernel/l3fp.sty
Package: l3fp 2013/01/19 v4449 L3 Floating points
\c__fp_leading_shift_int=\count110
\c__fp_middle_shift_int=\count111
\c__fp_trailing_shift_int=\count112
\c__fp_big_leading_shift_int=\count113
\c__fp_big_middle_shift_int=\count114
\c__fp_big_trailing_shift_int=\count115
\c__fp_Bigg_leading_shift_int=\count116
\c__fp_Bigg_middle_shift_int=\count117
\c__fp_Bigg_trailing_shift_int=\count118
)
(/usr/share/texmf/tex/latex/l3kernel/l3box.sty
Package: l3box 2013/01/08 v4411 L3 Experimental boxes
\c_empty_box=\box26
\l_tmpa_box=\box27
\l_tmpb_box=\box28
\g_tmpa_box=\box29
\g_tmpb_box=\box30
)
(/usr/share/texmf/tex/latex/l3kernel/l3coffins.sty
Package: l3coffins 2012/09/09 v4212 L3 Coffin code layer
\l__coffin_internal_box=\box31
\l__coffin_internal_dim=\dimen118
\l__coffin_offset_x_dim=\dimen119
\l__coffin_offset_y_dim=\dimen120
\l__coffin_x_dim=\dimen121
\l__coffin_y_dim=\dimen122
\l__coffin_x_prime_dim=\dimen123
\l__coffin_y_prime_dim=\dimen124
\c_empty_coffin=\box32
\l__coffin_aligned_coffin=\box33
\l__coffin_aligned_internal_coffin=\box34
\l_tmpa_coffin=\box35
\l_tmpb_coffin=\box36
\l__coffin_display_coffin=\box37
\l__coffin_display_coord_coffin=\box38
\l__coffin_display_pole_coffin=\box39
\l__coffin_display_offset_dim=\dimen125
\l__coffin_display_x_dim=\dimen126
\l__coffin_display_y_dim=\dimen127
)
(/usr/share/texmf/tex/latex/l3kernel/l3color.sty
Package: l3color 2012/08/29 v4156 L3 Experimental color support
)
(/usr/share/texmf/tex/latex/l3kernel/l3luatex.sty
Package: l3luatex 2012/08/03 v4049 L3 Experimental LuaTeX-specific functions
\g__cctab_allocate_int=\count119
\g__cctab_stack_int=\count120
)
(/usr/share/texmf/tex/latex/l3kernel/l3candidates.sty
Package: l3candidates 2013/03/14 v4468 L3 Experimental additions to l3kernel
\l__box_top_dim=\dimen128
\l__box_bottom_dim=\dimen129
\l__box_left_dim=\dimen130
\l__box_right_dim=\dimen131
\l__box_top_new_dim=\dimen132
\l__box_bottom_new_dim=\dimen133
\l__box_left_new_dim=\dimen134
\l__box_right_new_dim=\dimen135
\l__box_internal_box=\box40
\l__coffin_bounding_shift_dim=\dimen136
\l__coffin_left_corner_dim=\dimen137
\l__coffin_right_corner_dim=\dimen138
\l__coffin_bottom_corner_dim=\dimen139
\l__coffin_top_corner_dim=\dimen140
\l__coffin_scaled_total_height_dim=\dimen141
\l__coffin_scaled_width_dim=\dimen142
))
Package: xparse 2013/03/12 v4467 L3 Experimental document command parser
\l__xparse_current_arg_int=\count121
\l__xparse_m_args_int=\count122
\l__xparse_mandatory_args_int=\count123
\l__xparse_processor_int=\count124
\l__xparse_v_nesting_int=\count125
)
(/usr/share/texmf/tex/latex/etoolbox/etoolbox.sty
Package: etoolbox 2011/01/03 v2.1 e-TeX tools for LaTeX
\etb@tempcnta=\count126
)
(/usr/share/texmf/tex/latex/oberdiek/zref-abspage.sty
Package: zref-abspage 2012/04/04 v2.24 Module abspage for zref (HO)

(/usr/share/texmf/tex/latex/oberdiek/zref-base.sty
Package: zref-base 2012/04/04 v2.24 Module base for zref (HO)

(/usr/share/texmf/tex/generic/oberdiek/kvdefinekeys.sty
Package: kvdefinekeys 2011/04/07 v1.3 Define keys (HO)
)
(/usr/share/texmf/tex/generic/oberdiek/pdftexcmds.sty
Package: pdftexcmds 2011/11/29 v0.20 Utility functions of pdfTeX for LuaTeX (HO
)
Package pdftexcmds Info: LuaTeX not detected.
Package pdftexcmds Info: \pdf@primitive is available.
Package pdftexcmds Info: \pdf@ifprimitive is available.
Package pdftexcmds Info: \pdfdraftmode found.
)
(/usr/share/texmf/tex/latex/oberdiek/auxhook.sty
Package: auxhook 2011/03/04 v1.3 Hooks for auxiliary files (HO)
)
Package zref Info: New property list: main on input line 759.
Package zref Info: New property: default on input line 760.
Package zref Info: New property: page on input line 761.
)
(/usr/share/texmf/tex/generic/oberdiek/atbegshi.sty
Package: atbegshi 2011/10/05 v1.16 At begin shipout hook (HO)
)
\c@abspage=\count127
Package zref Info: New property: abspage on input line 62.
)
(/usr/share/texmf/tex/latex/graphics/color.sty
Package: color 2005/11/14 v1.0j Standard LaTeX Color (DPC)

(/usr/share/texmf/tex/latex/latexconfig/color.cfg
File: color.cfg 2007/01/18 v1.5 color configuration of teTeX/TeXLive
)
Package color Info: Driver file: pdftex.def on input line 130.

(/usr/share/texmf/tex/latex/pdftex-def/pdftex.def
File: pdftex.def 2011/05/27 v0.06d Graphics/color for pdfTeX
\Gread@gobject=\count128
))
\mdf@templength=\skip49
\c@mdf@globalstyle@cnt=\count129
\mdf@skipabove@length=\skip50
\mdf@skipbelow@length=\skip51
\mdf@leftmargin@length=\skip52
\mdf@rightmargin@length=\skip53
\mdf@innerleftmargin@length=\skip54
\mdf@innerrightmargin@length=\skip55
\mdf@innertopmargin@length=\skip56
\mdf@innerbottommargin@length=\skip57
\mdf@splittopskip@length=\skip58
\mdf@splitbottomskip@length=\skip59
\mdf@outermargin@length=\skip60
\mdf@innermargin@length=\skip61
\mdf@linewidth@length=\skip62
\mdf@innerlinewidth@length=\skip63
\mdf@middlelinewidth@length=\skip64
\mdf@outerlinewidth@length=\skip65
\mdf@roundcorner@length=\skip66
\mdf@footenotedistance@length=\skip67
\mdf@userdefinedwidth@length=\skip68
\mdf@frametitleaboveskip@length=\skip69
\mdf@frametitlebelowskip@length=\skip70
\mdf@frametitlerulewidth@length=\skip71
\mdf@frametitleleftmargin@length=\skip72
\mdf@frametitlerightmargin@length=\skip73
\mdf@shadowsize@length=\skip74
\mdf@extratopheight@length=\skip75
\mdf@subtitleabovelinewidth@length=\skip76
\mdf@subtitlebelowlinewidth@length=\skip77
\mdf@subtitleaboveskip@length=\skip78
\mdf@subtitlebelowskip@length=\skip79
\mdf@subtitleinneraboveskip@length=\skip80
\mdf@subtitleinnerbelowskip@length=\skip81
\mdf@subsubtitleabovelinewidth@length=\skip82
\mdf@subsubtitlebelowlinewidth@length=\skip83
\mdf@subsubtitleaboveskip@length=\skip84
\mdf@subsubtitlebelowskip@length=\skip85
\mdf@subsubtitleinneraboveskip@length=\skip86
\mdf@subsubtitleinnerbelowskip@length=\skip87
\mdf@frametitlebox=\box41
\mdf@footnotebox=\box42
\mdf@splitbox@one=\box43
\mdf@splitbox@two=\box44
\mdf@splitbox@save=\box45
\mdfsplitboxwidth=\skip88
\mdfsplitboxtotalwidth=\skip89
\mdfsplitboxheight=\skip90
\mdfsplitboxdepth=\skip91
\mdfsplitboxtotalheight=\skip92
\mdfframetitleboxwidth=\skip93
\mdfframetitleboxtotalwidth=\skip94
\mdfframetitleboxheight=\skip95
\mdfframetitleboxdepth=\skip96
\mdfframetitleboxtotalheight=\skip97
\mdffootnoteboxwidth=\skip98
\mdffootnoteboxtotalwidth=\skip99
\mdffootnoteboxheight=\skip100
\mdffootnoteboxdepth=\skip101
\mdffootnoteboxtotalheight=\skip102
\mdftotallinewidth=\skip103
\mdfboundingboxwidth=\skip104
\mdfboundingboxtotalwidth=\skip105
\mdfboundingboxheight=\skip106
\mdfboundingboxdepth=\skip107
\mdfboundingboxtotalheight=\skip108
\mdf@freevspace@length=\skip109
\mdf@horizontalwidthofbox@length=\skip110
\mdf@verticalmarginwhole@length=\skip111

****** mdframed patching \endmdf@trivlist

****** -- success******

.................................................
. LaTeX info: "xparse/define-command"
. 
. Defining document command \newmdtheoremenv with arg. spec. 'O{} m o m o ' on
. line 548.
.................................................
.................................................
. LaTeX info: "xparse/define-command"
. 
. Defining document command \mdtheorem with arg. spec. ' O{} m o m o ' on line
. 639.
.................................................

(/usr/share/texmf/tex/latex/mdframed/md-frame-0.mdf
File: md-frame-0.mdf 2013/03/09\ 1.8: md-frame-0
)
\mdf@envdepth=\count130
\c@mdf@env@i=\count131
\c@mdf@env@ii=\count132
\c@mdf@zref@counter=\count133
Package zref Info: New property: mdf@pagevalue on input line 840.
\mdf@horizontalspaceofbox=\skip112
)
(/usr/share/texmf/tex/latex/glossaries/base/glossaries.sty
Package: glossaries 2013/04/21 v3.05 (NLCT)

(/usr/share/texmf/tex/latex/base/ifthen.sty
Package: ifthen 2001/05/26 v1.1c Standard LaTeX ifthen package (DPC)
)
(/usr/share/texmf/tex/latex/xkeyval/xkeyval.sty
Package: xkeyval 2012/10/14 v2.6b package option processing (HA)

(/usr/share/texmf/tex/generic/xkeyval/xkeyval.tex
\XKV@toks=\toks22
\XKV@tempa@toks=\toks23
\XKV@depth=\count134
File: xkeyval.tex 2012/10/14 v2.6b key=value parser (HA)
))
(/usr/share/texmf/tex/latex/glossaries/base/mfirstuc.sty
Package: mfirstuc 2012/05/21 v1.06 (NLCT)
\@glsmfirst=\toks24
\@glsmrest=\toks25
)
(/usr/share/texmf/tex/latex/xfor/xfor.sty
Package: xfor 2009/02/05 v1.05 (NLCT)
)
(/usr/share/texmf/tex/latex/datatool/datatool-base.sty
Package: datatool-base 2013/01/15 v2.13 (NLCT)

(/usr/share/texmf/tex/latex/amsmath/amsmath.sty
Package: amsmath 2013/01/14 v2.14 AMS math features
\@mathmargin=\skip113

For additional information on amsmath, use the `?' option.
(/usr/share/texmf/tex/latex/amsmath/amstext.sty
Package: amstext 2000/06/29 v2.01

(/usr/share/texmf/tex/latex/amsmath/amsgen.sty
File: amsgen.sty 1999/11/30 v2.0
\@emptytoks=\toks26
\ex@=\dimen143
))
(/usr/share/texmf/tex/latex/amsmath/amsbsy.sty
Package: amsbsy 1999/11/29 v1.2d
\pmbraise@=\dimen144
)
(/usr/share/texmf/tex/latex/amsmath/amsopn.sty
Package: amsopn 1999/12/14 v2.01 operator names
)
\inf@bad=\count135
LaTeX Info: Redefining \frac on input line 210.
\uproot@=\count136
\leftroot@=\count137
LaTeX Info: Redefining \overline on input line 306.
\classnum@=\count138
\DOTSCASE@=\count139
LaTeX Info: Redefining \ldots on input line 378.
LaTeX Info: Redefining \dots on input line 381.
LaTeX Info: Redefining \cdots on input line 466.
\Mathstrutbox@=\box46
\strutbox@=\box47
\big@size=\dimen145
LaTeX Font Info:    Redeclaring font encoding OML on input line 566.
LaTeX Font Info:    Redeclaring font encoding OMS on input line 567.
\macc@depth=\count140
\c@MaxMatrixCols=\count141
\dotsspace@=\muskip16
\c@parentequation=\count142
\dspbrk@lvl=\count143
\tag@help=\toks27
\row@=\count144
\column@=\count145
\maxfields@=\count146
\andhelp@=\toks28
\eqnshift@=\dimen146
\alignsep@=\dimen147
\tagshift@=\dimen148
\tagwidth@=\dimen149
\totwidth@=\dimen150
\lineht@=\dimen151
\@envbody=\toks29
\multlinegap=\skip114
\multlinetaggap=\skip115
\mathdisplay@stack=\toks30
LaTeX Info: Redefining \[ on input line 2665.
LaTeX Info: Redefining \] on input line 2666.
)
(/usr/share/texmf/tex/latex/substr/substr.sty
Package: substr 2009/10/20 v1.2 Handle substrings
\c@su@anzahl=\count147
)
(/usr/share/texmf/tex/latex/datatool/datatool-fp.sty
Package: datatool-fp 2013/01/15 v2.13 (NLCT)

(/usr/share/texmf/tex/latex/fp/fp.sty
Package: fp 1995/04/02

`Fixed Point Package', Version 0.8, April 2, 1995 (C) Michael Mehlich
(/usr/share/texmf/tex/latex/fp/defpattern.sty
Package: defpattern 1994/10/12
\actioncount=\count148
)
(/usr/share/texmf/tex/latex/fp/fp-basic.sty
Package: fp-basic 1996/05/13
\FP@xs=\count149
\FP@xia=\count150
\FP@xib=\count151
\FP@xfa=\count152
\FP@xfb=\count153
\FP@rega=\count154
\FP@regb=\count155
\FP@regs=\count156
\FP@times=\count157
)
(/usr/share/texmf/tex/latex/fp/fp-addons.sty
Package: fp-addons 1995/03/15
)
(/usr/share/texmf/tex/latex/fp/fp-snap.sty
Package: fp-snap 1995/04/05
)
(/usr/share/texmf/tex/latex/fp/fp-exp.sty
Package: fp-exp 1995/04/03
)
(/usr/share/texmf/tex/latex/fp/fp-trigo.sty
Package: fp-trigo 1995/04/14
)
(/usr/share/texmf/tex/latex/fp/fp-pas.sty
Package: fp-pas 1994/08/29
)
(/usr/share/texmf/tex/latex/fp/fp-random.sty
Package: fp-random 1995/02/23
\FPseed=\count158
)
(/usr/share/texmf/tex/latex/fp/fp-eqn.sty
Package: fp-eqn 1995/04/03
)
(/usr/share/texmf/tex/latex/fp/fp-upn.sty
Package: fp-upn 1996/10/21
)
(/usr/share/texmf/tex/latex/fp/fp-eval.sty
Package: fp-eval 1995/04/03
)))
\@dtl@toks=\toks31
\@dtl@tmpcount=\count159
\dtl@tmplength=\skip116
\dtl@sortresult=\count160
\@dtl@numgrpsepcount=\count161
\@dtl@datatype=\count162
\dtl@codeA=\count163
\dtl@codeB=\count164
\@dtl@foreach@level=\count165
)
(/usr/share/texmf/tex/latex/beamer/translator/translator.sty
Package: translator 2010/06/12 ver 1.10

(/usr/share/texmf/tex/latex/beamer/translator/translator-language-mappings.tex)
)
\gls@level=\count166
\@gls@tmpb=\toks32
\gls@tmplen=\skip117
\glswrite=\write3
\glskeylisttok=\toks33
\glslabeltok=\toks34
\glsshorttok=\toks35
\glslongtok=\toks36
 (/usr/share/texmf/tex/latex/glossaries/styles/glossary-hypernav.sty
Package: glossary-hypernav 2007/07/04 v1.01 (NLCT)
)
(/usr/share/texmf/tex/latex/glossaries/styles/glossary-list.sty
Package: glossary-list 2012/11/11 v3.04 (NLCT)
\glslistdottedwidth=\skip118
)
(/usr/share/texmf/tex/latex/glossaries/styles/glossary-long.sty
Package: glossary-long 2012/09/21 v3.03 (NLCT)

(/usr/share/texmf/tex/latex/tools/longtable.sty
Package: longtable 2004/02/01 v4.11 Multi-page Table package (DPC)
\LTleft=\skip119
\LTright=\skip120
\LTpre=\skip121
\LTpost=\skip122
\LTchunksize=\count167
\LTcapwidth=\dimen152
\LT@head=\box48
\LT@firsthead=\box49
\LT@foot=\box50
\LT@lastfoot=\box51
\LT@cols=\count168
\LT@rows=\count169
\c@LT@tables=\count170
\c@LT@chunks=\count171
\LT@p@ftn=\toks37
)
\glsdescwidth=\skip123
\glspagelistwidth=\skip124
)
(/usr/share/texmf/tex/latex/glossaries/styles/glossary-super.sty
Package: glossary-super 2012/09/21 v3.03 (NLCT)

(/usr/share/texmf/tex/latex/supertabular/supertabular.sty
Package: supertabular 2004/02/20 v4.1e the supertabular environment
\c@tracingst=\count172
\ST@wd=\dimen153
\ST@rightskip=\skip125
\ST@leftskip=\skip126
\ST@parfillskip=\skip127
\ST@pageleft=\dimen154
\ST@headht=\dimen155
\ST@tailht=\dimen156
\ST@pagesofar=\dimen157
\ST@pboxht=\dimen158
\ST@lineht=\dimen159
\ST@stretchht=\dimen160
\ST@prevht=\dimen161
\ST@toadd=\dimen162
\ST@dimen=\dimen163
\ST@pbox=\box52
))
(/usr/share/texmf/tex/latex/glossaries/styles/glossary-tree.sty
Package: glossary-tree 2012/09/21 v3.03 (NLCT)
\glstreeindent=\skip128
))
\glo@main@file=\write4
\openout4 = `iTesis.glo'.

Package glossaries Info: Writing glossary file iTesis.glo on input line 20.
\glo@acronym@file=\write5
\openout5 = `iTesis.acn'.

Package glossaries Info: Writing glossary file iTesis.acn on input line 20.

(/usr/share/texmf/tex/latex/hyperref/hyperref.sty
Package: hyperref 2012/11/06 v6.83m Hypertext links for LaTeX

(/usr/share/texmf/tex/generic/oberdiek/hobsub-hyperref.sty
Package: hobsub-hyperref 2012/05/28 v1.13 Bundle oberdiek, subset hyperref (HO)


(/usr/share/texmf/tex/generic/oberdiek/hobsub-generic.sty
Package: hobsub-generic 2012/05/28 v1.13 Bundle oberdiek, subset generic (HO)
Package: hobsub 2012/05/28 v1.13 Construct package bundles (HO)
Package hobsub Info: Skipping package `infwarerr' (already loaded).
Package hobsub Info: Skipping package `ltxcmds' (already loaded).
Package hobsub Info: Skipping package `ifluatex' (already loaded).
Package hobsub Info: Skipping package `ifvtex' (already loaded).
Package: intcalc 2007/09/27 v1.1 Expandable calculations with integers (HO)
Package hobsub Info: Skipping package `ifpdf' (already loaded).
Package hobsub Info: Skipping package `etexcmds' (already loaded).
Package hobsub Info: Skipping package `kvsetkeys' (already loaded).
Package hobsub Info: Skipping package `kvdefinekeys' (already loaded).
Package hobsub Info: Skipping package `pdftexcmds' (already loaded).
Package: pdfescape 2011/11/25 v1.13 Implements pdfTeX's escape features (HO)
Package: bigintcalc 2012/04/08 v1.3 Expandable calculations on big integers (HO
)
Package: bitset 2011/01/30 v1.1 Handle bit-vector datatype (HO)
Package: uniquecounter 2011/01/30 v1.2 Provide unlimited unique counter (HO)
)
Package hobsub Info: Skipping package `hobsub' (already loaded).
Package: letltxmacro 2010/09/02 v1.4 Let assignment for LaTeX macros (HO)
Package: hopatch 2012/05/28 v1.2 Wrapper for package hooks (HO)
Package: xcolor-patch 2011/01/30 xcolor patch
Package: atveryend 2011/06/30 v1.8 Hooks at the very end of document (HO)
Package hobsub Info: Skipping package `atbegshi' (already loaded).
Package: refcount 2011/10/16 v3.4 Data extraction from label references (HO)
Package: hycolor 2011/01/30 v1.7 Color options for hyperref/bookmark (HO)
)
\@linkdim=\dimen164
\Hy@linkcounter=\count173
\Hy@pagecounter=\count174

(/usr/share/texmf/tex/latex/hyperref/pd1enc.def
File: pd1enc.def 2012/11/06 v6.83m Hyperref: PDFDocEncoding definition (HO)
)
\Hy@SavedSpaceFactor=\count175

(/usr/share/texmf/tex/latex/latexconfig/hyperref.cfg
File: hyperref.cfg 2002/06/06 v1.2 hyperref configuration of TeXLive
)
Package hyperref Info: Hyper figures OFF on input line 4443.
Package hyperref Info: Link nesting OFF on input line 4448.
Package hyperref Info: Hyper index ON on input line 4451.
Package hyperref Info: Plain pages OFF on input line 4458.
Package hyperref Info: Backreferencing OFF on input line 4463.
Package hyperref Info: Implicit mode ON; LaTeX internals redefined.
Package hyperref Info: Bookmarks ON on input line 4688.
\c@Hy@tempcnt=\count176

(/usr/share/texmf/tex/latex/url/url.sty
\Urlmuskip=\muskip17
Package: url 2006/04/12  ver 3.3  Verb mode for urls, etc.
)
LaTeX Info: Redefining \url on input line 5041.
\XeTeXLinkMargin=\dimen165
\Fld@menulength=\count177
\Field@Width=\dimen166
\Fld@charsize=\dimen167
Package hyperref Info: Hyper figures OFF on input line 6295.
Package hyperref Info: Link nesting OFF on input line 6300.
Package hyperref Info: Hyper index ON on input line 6303.
Package hyperref Info: backreferencing OFF on input line 6310.
Package hyperref Info: Link coloring OFF on input line 6315.
Package hyperref Info: Link coloring with OCG OFF on input line 6320.
Package hyperref Info: PDF/A mode OFF on input line 6325.
LaTeX Info: Redefining \ref on input line 6365.
LaTeX Info: Redefining \pageref on input line 6369.
\Hy@abspage=\count178
\c@Item=\count179
\c@Hfootnote=\count180
)

Package hyperref Message: Driver (autodetected): hpdftex.

(/usr/share/texmf/tex/latex/hyperref/hpdftex.def
File: hpdftex.def 2012/11/06 v6.83m Hyperref driver for pdfTeX
\HyAnn@Count=\count181
\Fld@listcount=\count182
\c@bookmark@seq@number=\count183

(/usr/share/texmf/tex/latex/oberdiek/rerunfilecheck.sty
Package: rerunfilecheck 2011/04/15 v1.7 Rerun checks for auxiliary files (HO)
Package uniquecounter Info: New unique counter `rerunfilecheck' on input line 2
82.
)
\Hy@SectionHShift=\skip129
) (./cicese.sty
(./natbib.sty
Package: natbib 1995/12/06 6.1 (PWD)
\bibhang=\skip130
LaTeX Info: Redefining \cite on input line 301.
\c@NAT@ctr=\count184
)
\c@dal@supervisornum=\count185
\c@dal@readernum=\count186
) (/usr/share/texmf/tex/latex/pbox/pbox.sty
Package: pbox 2011/12/07 v1.2 Dynamic parboxes

(/usr/share/texmf/tex/latex/tools/calc.sty
Package: calc 2007/08/22 v4.3 Infix arithmetic (KKT,FJ)
\calc@Acount=\count187
\calc@Bcount=\count188
\calc@Adimen=\dimen168
\calc@Bdimen=\dimen169
\calc@Askip=\skip131
\calc@Bskip=\skip132
LaTeX Info: Redefining \setlength on input line 76.
LaTeX Info: Redefining \addtolength on input line 77.
\calc@Ccount=\count189
\calc@Cskip=\skip133
)
\pb@xlen=\skip134
)
(/usr/share/texmf/tex/latex/base/makeidx.sty
Package: makeidx 2000/03/29 v1.0m Standard LaTeX package
)
(/usr/share/texmf/tex/latex/eurosym/eurosym.sty
Package: eurosym 1998/08/06 v1.1 European currency symbol ``Euro''
\@eurobox=\box53
)
(/usr/share/texmf/tex/latex/amsfonts/amssymb.sty
Package: amssymb 2013/01/14 v3.01 AMS font symbols

(/usr/share/texmf/tex/latex/amsfonts/amsfonts.sty
Package: amsfonts 2013/01/14 v3.01 Basic AMSFonts support
\symAMSa=\mathgroup4
\symAMSb=\mathgroup5
LaTeX Font Info:    Overwriting math alphabet `\mathfrak' in version `bold'
(Font)                  U/euf/m/n --> U/euf/b/n on input line 106.
)) (./gensymb.sty
Package: gensymb 2003/07/02 v1.0 (WaS)
)
(/usr/share/texmf/tex/latex/graphics/graphicx.sty
Package: graphicx 1999/02/16 v1.0f Enhanced LaTeX Graphics (DPC,SPQR)

(/usr/share/texmf/tex/latex/graphics/graphics.sty
Package: graphics 2009/02/05 v1.0o Standard LaTeX Graphics (DPC,SPQR)

(/usr/share/texmf/tex/latex/graphics/trig.sty
Package: trig 1999/03/16 v1.09 sin cos tan (DPC)
)
(/usr/share/texmf/tex/latex/latexconfig/graphics.cfg
File: graphics.cfg 2010/04/23 v1.9 graphics configuration of TeX Live
)
Package graphics Info: Driver file: pdftex.def on input line 91.
)
\Gin@req@height=\dimen170
\Gin@req@width=\dimen171
)
(/usr/share/texmf/tex/latex/emptypage/emptypage.sty
Package: emptypage 2010/05/30 v1.2 Suppress page numbers and headings on empty 
pages
)
(/usr/share/texmf/tex/latex/base/textcomp.sty
Package: textcomp 2005/09/27 v1.99g Standard LaTeX package
Package textcomp Info: Sub-encoding information:
(textcomp)               5 = only ISO-Adobe without \textcurrency
(textcomp)               4 = 5 + \texteuro
(textcomp)               3 = 4 + \textohm
(textcomp)               2 = 3 + \textestimated + \textcurrency
(textcomp)               1 = TS1 - \textcircled - \t
(textcomp)               0 = TS1 (full)
(textcomp)             Font families with sub-encoding setting implement
(textcomp)             only a restricted character set as indicated.
(textcomp)             Family '?' is the default used for unknown fonts.
(textcomp)             See the documentation for details.
Package textcomp Info: Setting ? sub-encoding to TS1/1 on input line 71.

(/usr/share/texmf/tex/latex/base/ts1enc.def
File: ts1enc.def 2001/06/05 v3.0e (jk/car/fm) Standard LaTeX file
)
LaTeX Info: Redefining \oldstylenums on input line 266.
Package textcomp Info: Setting cmr sub-encoding to TS1/0 on input line 281.
Package textcomp Info: Setting cmss sub-encoding to TS1/0 on input line 282.
Package textcomp Info: Setting cmtt sub-encoding to TS1/0 on input line 283.
Package textcomp Info: Setting cmvtt sub-encoding to TS1/0 on input line 284.
Package textcomp Info: Setting cmbr sub-encoding to TS1/0 on input line 285.
Package textcomp Info: Setting cmtl sub-encoding to TS1/0 on input line 286.
Package textcomp Info: Setting ccr sub-encoding to TS1/0 on input line 287.
Package textcomp Info: Setting ptm sub-encoding to TS1/4 on input line 288.
Package textcomp Info: Setting pcr sub-encoding to TS1/4 on input line 289.
Package textcomp Info: Setting phv sub-encoding to TS1/4 on input line 290.
Package textcomp Info: Setting ppl sub-encoding to TS1/3 on input line 291.
Package textcomp Info: Setting pag sub-encoding to TS1/4 on input line 292.
Package textcomp Info: Setting pbk sub-encoding to TS1/4 on input line 293.
Package textcomp Info: Setting pnc sub-encoding to TS1/4 on input line 294.
Package textcomp Info: Setting pzc sub-encoding to TS1/4 on input line 295.
Package textcomp Info: Setting bch sub-encoding to TS1/4 on input line 296.
Package textcomp Info: Setting put sub-encoding to TS1/5 on input line 297.
Package textcomp Info: Setting uag sub-encoding to TS1/5 on input line 298.
Package textcomp Info: Setting ugq sub-encoding to TS1/5 on input line 299.
Package textcomp Info: Setting ul8 sub-encoding to TS1/4 on input line 300.
Package textcomp Info: Setting ul9 sub-encoding to TS1/4 on input line 301.
Package textcomp Info: Setting augie sub-encoding to TS1/5 on input line 302.
Package textcomp Info: Setting dayrom sub-encoding to TS1/3 on input line 303.
Package textcomp Info: Setting dayroms sub-encoding to TS1/3 on input line 304.

Package textcomp Info: Setting pxr sub-encoding to TS1/0 on input line 305.
Package textcomp Info: Setting pxss sub-encoding to TS1/0 on input line 306.
Package textcomp Info: Setting pxtt sub-encoding to TS1/0 on input line 307.
Package textcomp Info: Setting txr sub-encoding to TS1/0 on input line 308.
Package textcomp Info: Setting txss sub-encoding to TS1/0 on input line 309.
Package textcomp Info: Setting txtt sub-encoding to TS1/0 on input line 310.
Package textcomp Info: Setting lmr sub-encoding to TS1/0 on input line 311.
Package textcomp Info: Setting lmdh sub-encoding to TS1/0 on input line 312.
Package textcomp Info: Setting lmss sub-encoding to TS1/0 on input line 313.
Package textcomp Info: Setting lmssq sub-encoding to TS1/0 on input line 314.
Package textcomp Info: Setting lmvtt sub-encoding to TS1/0 on input line 315.
Package textcomp Info: Setting qhv sub-encoding to TS1/0 on input line 316.
Package textcomp Info: Setting qag sub-encoding to TS1/0 on input line 317.
Package textcomp Info: Setting qbk sub-encoding to TS1/0 on input line 318.
Package textcomp Info: Setting qcr sub-encoding to TS1/0 on input line 319.
Package textcomp Info: Setting qcs sub-encoding to TS1/0 on input line 320.
Package textcomp Info: Setting qpl sub-encoding to TS1/0 on input line 321.
Package textcomp Info: Setting qtm sub-encoding to TS1/0 on input line 322.
Package textcomp Info: Setting qzc sub-encoding to TS1/0 on input line 323.
Package textcomp Info: Setting qhvc sub-encoding to TS1/0 on input line 324.
Package textcomp Info: Setting futs sub-encoding to TS1/4 on input line 325.
Package textcomp Info: Setting futx sub-encoding to TS1/4 on input line 326.
Package textcomp Info: Setting futj sub-encoding to TS1/4 on input line 327.
Package textcomp Info: Setting hlh sub-encoding to TS1/3 on input line 328.
Package textcomp Info: Setting hls sub-encoding to TS1/3 on input line 329.
Package textcomp Info: Setting hlst sub-encoding to TS1/3 on input line 330.
Package textcomp Info: Setting hlct sub-encoding to TS1/5 on input line 331.
Package textcomp Info: Setting hlx sub-encoding to TS1/5 on input line 332.
Package textcomp Info: Setting hlce sub-encoding to TS1/5 on input line 333.
Package textcomp Info: Setting hlcn sub-encoding to TS1/5 on input line 334.
Package textcomp Info: Setting hlcw sub-encoding to TS1/5 on input line 335.
Package textcomp Info: Setting hlcf sub-encoding to TS1/5 on input line 336.
Package textcomp Info: Setting pplx sub-encoding to TS1/3 on input line 337.
Package textcomp Info: Setting pplj sub-encoding to TS1/3 on input line 338.
Package textcomp Info: Setting ptmx sub-encoding to TS1/4 on input line 339.
Package textcomp Info: Setting ptmj sub-encoding to TS1/4 on input line 340.
) (./ftnxtra.sty
Package: ftnxtra 2013/04/04 footnote fixes for standard LaTeX
\ftnxtra@p@ftn=\toks38
)
(/usr/share/texmf/tex/latex/float/float.sty
Package: float 2001/11/08 v1.3d Float enhancements (AL)
\c@float@type=\count190
\float@exts=\toks39
\float@box=\box54
\@float@everytoks=\toks40
\@floatcapt=\box55
)
(/usr/share/texmf/tex/latex/tools/enumerate.sty
Package: enumerate 1999/03/05 v3.00 enumerate extensions (DPC)
\@enLab=\toks41
)
(/usr/share/texmf/tex/latex/algorithms/algorithm.sty
Package: algorithm 2009/08/24 v0.1 Document Style `algorithm' - floating enviro
nment
\@float@every@algorithm=\toks42
\c@algorithm=\count191
)
(/usr/share/texmf/tex/latex/algorithms/algorithmic.sty
Package: algorithmic 2009/08/24 v0.1 Document Style `algorithmic'
\c@ALC@unique=\count192
\c@ALC@line=\count193
\c@ALC@rem=\count194
\c@ALC@depth=\count195
\ALC@tlm=\skip135
\algorithmicindent=\skip136
)
(./spanishAlgorithmic.tex) (./titlesec.sty
Package: titlesec 2011/12/15 v2.10.0 Sectioning titles
\ttl@box=\box56
\beforetitleunit=\skip137
\aftertitleunit=\skip138
\ttl@plus=\dimen172
\ttl@minus=\dimen173
\ttl@toksa=\toks43
\titlewidth=\dimen174
\titlewidthlast=\dimen175
\titlewidthfirst=\dimen176
)
(/usr/share/texmf/tex/latex/caption/caption.sty
Package: caption 2013/05/02 v3.3-89 Customizing captions (AR)

(/usr/share/texmf/tex/latex/caption/caption3.sty
Package: caption3 2013/05/02 v1.6-88 caption3 kernel (AR)
Package caption3 Info: TeX engine: e-TeX on input line 57.
\captionmargin=\dimen177
\captionmargin@=\dimen178
\captionwidth=\dimen179
\caption@tempdima=\dimen180
\caption@indent=\dimen181
\caption@parindent=\dimen182
\caption@hangindent=\dimen183
Package caption Info: Unknown document class (or package),
(caption)             standard defaults will be used.
)

Package caption Warning: Unsupported document class (or package) detected,
(caption)                usage of the caption package is not recommended.
See the caption package documentation for explanation.

Package caption Info: \@makecaption = \long macro:#1#2->\linespread {1.0} \vski
p \abovecaptionskip \vspace {-0.5cm} \sbox \@tempboxa {#1. #2}\ifdim \wd \@temp
boxa >\hsize #1. #2\par \else \global \@minipagefalse \hb@xt@ \hsize {\hfil \bo
x \@tempboxa \hfil }\fi \vskip \belowcaptionskip .
\c@ContinuedFloat=\count196
Package caption Info: float package is loaded.
Package caption Info: hyperref package is loaded.
Package caption Info: longtable package is loaded.
(/usr/share/texmf/tex/latex/caption/ltcaption.sty
Package: ltcaption 2013/02/03 v1.3-62 longtable captions (AR)
)
Package caption Info: supertabular package is loaded.
)
(/usr/share/texmf/tex/latex/xcolor/xcolor.sty
Package: xcolor 2007/01/21 v2.11 LaTeX color extensions (UK)

(/usr/share/texmf/tex/latex/latexconfig/color.cfg
File: color.cfg 2007/01/18 v1.5 color configuration of teTeX/TeXLive
)
Package xcolor Info: Driver file: pdftex.def on input line 225.

(/usr/share/texmf/tex/latex/colortbl/colortbl.sty
Package: colortbl 2012/02/13 v1.0a Color table columns (DPC)

(/usr/share/texmf/tex/latex/tools/array.sty
Package: array 2008/09/09 v2.4c Tabular extension package (FMi)
\col@sep=\dimen184
\extrarowheight=\dimen185
\NC@list=\toks44
\extratabsurround=\skip139
\backup@length=\skip140
)
\everycr=\toks45
\minrowclearance=\skip141
)
LaTeX Info: Redefining \color on input line 702.
\rownum=\count197
Package xcolor Info: Model `cmy' substituted by `cmy0' on input line 1337.
Package xcolor Info: Model `hsb' substituted by `rgb' on input line 1341.
Package xcolor Info: Model `RGB' extended on input line 1353.
Package xcolor Info: Model `HTML' substituted by `rgb' on input line 1355.
Package xcolor Info: Model `Hsb' substituted by `hsb' on input line 1356.
Package xcolor Info: Model `tHsb' substituted by `hsb' on input line 1357.
Package xcolor Info: Model `HSB' substituted by `hsb' on input line 1358.
Package xcolor Info: Model `Gray' substituted by `gray' on input line 1359.
Package xcolor Info: Model `wave' substituted by `hsb' on input line 1360.
)
(/usr/share/texmf/tex/latex/rotating/rotating.sty
Package: rotating 2009/03/28 v2.16a rotated objects in LaTeX
\c@r@tfl@t=\count198
\rotFPtop=\skip142
\rotFPbot=\skip143
\rot@float@box=\box57
\rot@mess@toks=\toks46
)
(/usr/share/texmf/tex/latex/subfigure/subfigure.sty
Package: subfigure 2002/03/15 v2.1.5 subfigure package
\subfigtopskip=\skip144
\subfigcapskip=\skip145
\subfigcaptopadj=\dimen186
\subfigbottomskip=\skip146
\subfigcapmargin=\dimen187
\subfiglabelskip=\skip147
\c@subfigure=\count199
\c@lofdepth=\count200
\c@subtable=\count201
Normal \count register pool exhausted, switching to extended pool.
\c@lotdepth=\count277

****************************************
* Local config file subfigure.cfg used *
****************************************
(/usr/share/texmf/tex/latex/subfigure/subfigure.cfg)
\subfig@top=\skip148
\subfig@bottom=\skip149
)
(/usr/share/texmf/tex/latex/setspace/setspace.sty
Package: setspace 2011/12/19 v6.7a set line spacing
)
(/usr/share/texmf/tex/latex/multirow/multirow.sty
\bigstrutjot=\dimen188
) (./booktabs.sty
Package: booktabs 2005/04/14 v1.61803 publication quality tables
\heavyrulewidth=\dimen189
\lightrulewidth=\dimen190
\cmidrulewidth=\dimen191
\belowrulesep=\dimen192
\belowbottomsep=\dimen193
\aboverulesep=\dimen194
\abovetopsep=\dimen195
\cmidrulesep=\dimen196
\cmidrulekern=\dimen197
\defaultaddspace=\dimen198
\@cmidla=\count278
\@cmidlb=\count279
\@aboverulesep=\dimen199
\@belowrulesep=\dimen200
\@thisruleclass=\count280
\@lastruleclass=\count281
\@thisrulewidth=\dimen201
)
(/usr/share/texmf/tex/latex/koma-script/scrextend.sty
Package: scrextend 2012/07/29 v3.11b KOMA-Script KOMA-Script package (extend ot
her classes with features of KOMA-Script classes)

(/usr/share/texmf/tex/latex/koma-script/scrkbase.sty
Package: scrkbase 2012/07/29 v3.11b KOMA-Script package (KOMA-Script-dependent 
basics and keyval usage)

(/usr/share/texmf/tex/latex/koma-script/scrbase.sty
Package: scrbase 2012/07/29 v3.11b KOMA-Script package (KOMA-Script-independent
 basics and keyval usage)

(/usr/share/texmf/tex/latex/koma-script/scrlfile.sty
Package: scrlfile 2012/06/15 v3.12 KOMA-Script package (loading files)

Package scrlfile, 2012/06/15 v3.12 KOMA-Script package (loading files)
                  Copyright (C) Markus Kohm

)

! LaTeX Error: Command \l@addto@macro already defined.
               Or name \end... illegal, see p.192 of the manual.

See the LaTeX manual or LaTeX Companion for explanation.
Type  H <return>  for immediate help.
 ...                                              
                                                  
l.656 }
       
Your command was ignored.
Type  I <command> <return>  to replace it with another command,
or  <return>  to continue without it.

))

LaTeX Warning: Command \@footnotemark  has changed.
               Check if current package is valid.

)
\c@theorem=\count282
\c@lemma=\count283
\c@teo=\count284
\c@obs=\count285
 (./tcilatex.tex
TCILATEX Macros for Scientific Word 5.0 <13 Feb 2003>.
NOTICE: This macro file is NOT proprietary and may be freely copied and distrib
uted.
\msipdfoutput=\count286
\@hour=\count287
\@minute=\count288
\GRAPHICSTYPE=\count289
\@msidraft=\count290
\dispkind=\count291
Normal \dimen register pool exhausted, switching to extended pool.
\theight=\dimen256
LaTeX Info: Redefining \rm on input line 645.
LaTeX Info: Redefining \sf on input line 646.
LaTeX Info: Redefining \tt on input line 647.
LaTeX Info: Redefining \bf on input line 648.
LaTeX Info: Redefining \it on input line 649.
LaTeX Info: Redefining \sl on input line 650.
LaTeX Info: Redefining \sc on input line 651.
\c@axiom=\count292
\c@remark=\count293
\c@example=\count294
\c@exercise=\count295
\c@definition=\count296
\c@equationnumber=\count297
) (./iTesis.aux
LaTeX Info: Redefining \. on input line 25.
LaTeX Info: Redefining \% on input line 25.


LaTeX Warning: Label `eq:eq+1' multiply defined.

)
\openout1 = `iTesis.aux'.

LaTeX Font Info:    Checking defaults for OML/cmm/m/it on input line 118.
LaTeX Font Info:    ... okay on input line 118.
LaTeX Font Info:    Checking defaults for T1/cmr/m/n on input line 118.
LaTeX Font Info:    ... okay on input line 118.
LaTeX Font Info:    Checking defaults for OT1/cmr/m/n on input line 118.
LaTeX Font Info:    ... okay on input line 118.
LaTeX Font Info:    Checking defaults for OMS/cmsy/m/n on input line 118.
LaTeX Font Info:    ... okay on input line 118.
LaTeX Font Info:    Checking defaults for OMX/cmex/m/n on input line 118.
LaTeX Font Info:    ... okay on input line 118.
LaTeX Font Info:    Checking defaults for U/cmr/m/n on input line 118.
LaTeX Font Info:    ... okay on input line 118.
LaTeX Font Info:    Checking defaults for PD1/pdf/m/n on input line 118.
LaTeX Font Info:    ... okay on input line 118.
LaTeX Font Info:    Checking defaults for TS1/cmr/m/n on input line 118.
LaTeX Font Info:    Try loading font information for TS1+cmr on input line 118.

 (/usr/share/texmf/tex/latex/base/ts1cmr.fd
File: ts1cmr.fd 1999/05/25 v2.5h Standard LaTeX font definitions
)
LaTeX Font Info:    ... okay on input line 118.
LaTeX Font Info:    Try loading font information for OT1+phv on input line 118.


(/usr/share/texmf/tex/latex/psnfss/ot1phv.fd
File: ot1phv.fd 2001/06/04 scalable font definitions for OT1/phv.
)
*geometry* driver: auto-detecting
*geometry* detected driver: pdftex
*geometry* verbose mode - [ preamble ] result:
* driver: pdftex
* paper: letterpaper
* layout: <same size as paper>
* layoutoffset:(h,v)=(0.0pt,0.0pt)
* modes: 
* h-part:(L,W,R)=(85.35826pt, 472.03123pt, 56.9055pt)
* v-part:(T,H,B)=(56.9055pt, 701.07582pt, 36.98866pt)
* \paperwidth=614.295pt
* \paperheight=794.96999pt
* \textwidth=472.03123pt
* \textheight=701.07582pt
* \oddsidemargin=13.08827pt
* \evensidemargin=13.08827pt
* \topmargin=-52.36449pt
* \headheight=12.0pt
* \headsep=25.0pt
* \topskip=12.0pt
* \footskip=30.0pt
* \marginparwidth=44.0pt
* \marginparsep=10.0pt
* \columnsep=10.0pt
* \skip\footins=10.8pt plus 4.0pt minus 2.0pt
* \hoffset=0.0pt
* \voffset=0.0pt
* \mag=1000
* \@twocolumnfalse
* \@twosidefalse
* \@mparswitchfalse
* \@reversemarginfalse
* (1in=72.27pt=25.4mm, 1cm=28.453pt)

LaTeX Info: Redefining \. on input line 118.
LaTeX Info: Redefining \% on input line 118.
(/usr/share/texmf/tex/latex/ucs/ucsencs.def
File: ucsencs.def 2011/01/21 Fixes to fontencodings LGR, T3
)
\AtBeginShipoutBox=\box58

(/usr/share/texmf/tex/context/base/supp-pdf.mkii
[Loading MPS to PDF converter (version 2006.09.02).]
\scratchcounter=\count298
\scratchdimen=\dimen257
\scratchbox=\box59
\nofMPsegments=\count299
\nofMParguments=\count300
\everyMPshowfont=\toks47
\MPscratchCnt=\count301
\MPscratchDim=\dimen258
\MPnumerator=\count302
\makeMPintoPDFobject=\count303
\everyMPtoPDFconversion=\toks48
)
(/usr/share/texmf/tex/latex/glossaries/dict/glossaries-dictionary-English.dict
Dictionary: glossaries-dictionary, Language: English 
)
Package hyperref Info: Link coloring OFF on input line 118.
(/usr/share/texmf/tex/latex/hyperref/nameref.sty
Package: nameref 2012/10/27 v2.43 Cross-referencing by name of section

(/usr/share/texmf/tex/generic/oberdiek/gettitlestring.sty
Package: gettitlestring 2010/12/03 v1.4 Cleanup title references (HO)
)
\c@section@level=\count304
)
LaTeX Info: Redefining \ref on input line 118.
LaTeX Info: Redefining \pageref on input line 118.
LaTeX Info: Redefining \nameref on input line 118.
 (./iTesis.out)
(./iTesis.out)
\@outlinefile=\write6
\openout6 = `iTesis.out'.

\symgns@font=\mathgroup6
LaTeX Font Info:    Overwriting symbol font `gns@font' in version `bold'
(Font)                  TS1/phv/m/n --> TS1/phv/bx/n on input line 118.
Package gensymb Info: Math companion symbols declared on input line 118.
LaTeX Info: Redefining \degree on input line 118.
LaTeX Info: Redefining \celsius on input line 118.
Package gensymb Info: Using text companion symbols for \degree, \celsius and \p
erthousand on input line 118.
LaTeX Info: Redefining \ohm on input line 118.
Package gensymb Info: Using \textohm for \ohm on input line 118.
Package gensymb Info: Using \textmu for \micro on input line 118.
 (/usr/share/texmf/tex/latex/oberdiek/epstopdf-base.sty
Package: epstopdf-base 2010/02/09 v2.5 Base part for package epstopdf

(/usr/share/texmf/tex/latex/oberdiek/grfext.sty
Package: grfext 2010/08/19 v1.1 Manage graphics extensions (HO)
)
Package grfext Info: Graphics extension search list:
(grfext)             [.png,.pdf,.jpg,.mps,.jpeg,.jbig2,.jb2,.PNG,.PDF,.JPG,.JPE
G,.JBIG2,.JB2,.eps]
(grfext)             \AppendGraphicsExtensions on input line 452.

(/usr/share/texmf/tex/latex/latexconfig/epstopdf-sys.cfg
File: epstopdf-sys.cfg 2010/07/13 v1.3 Configuration of (r)epstopdf for TeX Liv
e
))
Package caption Info: Begin \AtBeginDocument code.
Package caption Info: rotating package is loaded.
Package caption Info: subfigure package is loaded.
Package caption Info: End \AtBeginDocument code.
LaTeX Font Info:    Font shape `OT1/phv/bx/n' in size <18> not available
(Font)              Font shape `OT1/phv/b/n' tried instead on input line 212.

<./Figures/logoCicese2009.pdf, id=287, 540.60239pt x 270.30113pt>
File: ./Figures/logoCicese2009.pdf Graphic file (type pdf)

<use ./Figures/logoCicese2009.pdf>
Package pdftex.def Info: ./Figures/logoCicese2009.pdf used on input line 212.
(pdftex.def)             Requested size: 198.7425pt x 99.37056pt.
LaTeX Font Info:    Font shape `OT1/phv/bx/n' in size <15.84> not available
(Font)              Font shape `OT1/phv/b/n' tried instead on input line 212.

(/usr/share/texmf/tex/latex/ucs/data/uni-0.def
File: uni-0.def 2013/05/13 UCS: Unicode data U+0000..U+00FF
)
LaTeX Font Info:    Font shape `OT1/phv/bx/n' in size <12> not available
(Font)              Font shape `OT1/phv/b/n' tried instead on input line 212.
 [1

\openout3 = `iTesis.ist'.

{/usr/share/texmf/fonts/map/pdftex/updmap/pdftex.map} <./Figures/logoCicese2009
.pdf>]
LaTeX Font Info:    Font shape `OT1/phv/bx/n' in size <17.28> not available
(Font)              Font shape `OT1/phv/b/n' tried instead on input line 212.
LaTeX Font Info:    Try loading font information for U+msa on input line 212.

(/usr/share/texmf/tex/latex/amsfonts/umsa.fd
File: umsa.fd 2013/01/14 v3.01 AMS symbols A
)
LaTeX Font Info:    Try loading font information for U+msb on input line 212.

(/usr/share/texmf/tex/latex/amsfonts/umsb.fd
File: umsb.fd 2013/01/14 v3.01 AMS symbols B
)
LaTeX Font Info:    Try loading font information for TS1+phv on input line 212.


(/usr/share/texmf/tex/latex/psnfss/ts1phv.fd
File: ts1phv.fd 2001/06/04 scalable font definitions for TS1/phv.
)
<Figures/logotipos/compu.jpg, id=304, 102.3825pt x 132.495pt>
File: Figures/logotipos/compu.jpg Graphic file (type jpg)

<use Figures/logotipos/compu.jpg>
Package pdftex.def Info: Figures/logotipos/compu.jpg used on input line 212.
(pdftex.def)             Requested size: 32.97865pt x 42.67912pt.

Overfull \hbox (4.17413pt too wide) in paragraph at lines 212--212
[][] 
 []

LaTeX Font Info:    Font shape `OT1/phv/m/it' in size <10> not available
(Font)              Font shape `OT1/phv/m/sl' tried instead on input line 212.
LaTeX Font Info:    Font shape `TS1/phv/m/it' in size <10> not available
(Font)              Font shape `TS1/phv/m/sl' tried instead on input line 212.
[1 <./Figures/logotipos/compu.jpg>] (./Resumen.tex) [2] (./Abstract.tex)
[3] (./Dedicatoria.tex
LaTeX Font Info:    Font shape `OT1/phv/bx/it' in size <17.28> not available
(Font)              Font shape `OT1/phv/b/it' tried instead on input line 4.
LaTeX Font Info:    Font shape `OT1/phv/b/it' in size <17.28> not available
(Font)              Font shape `OT1/phv/b/sl' tried instead on input line 4.
) [4

] (./Agradecimientos.tex) [5

]
Overfull \hbox (3.66335pt too wide) in paragraph at lines 212--212
| []| 
 []

(./iTesis.toc
LaTeX Info: Redefining \. on input line 1.
LaTeX Info: Redefining \% on input line 1.

Overfull \hbox (3.98135pt too wide) in paragraph at lines 36--36
 [][] [][]\OT1/phv/m/n/12 M[]eto-do de-tec-ci[]on r[]api-da de ob-je-tos usan-d
o ca-rac-ter[]^^Psti-cas sim- 
 []

[6

])
\tf@toc=\write7
\openout7 = `iTesis.toc'.

 [7]
Overfull \hbox (3.66335pt too wide) in paragraph at lines 212--212
| []| 
 []

(./iTesis.lof
LaTeX Info: Redefining \. on input line 1.
LaTeX Info: Redefining \% on input line 1.
LaTeX Font Info:    Font shape `OT1/phv/m/it' in size <12> not available
(Font)              Font shape `OT1/phv/m/sl' tried instead on input line 45.
 [8

] [9])
\tf@lof=\write8
\openout8 = `iTesis.lof'.

 [10]
Overfull \hbox (3.66335pt too wide) in paragraph at lines 212--212
| []| 
 []

(./iTesis.lot
LaTeX Info: Redefining \. on input line 1.
LaTeX Info: Redefining \% on input line 1.
 [11

] [12])
\tf@lot=\write9
\openout9 = `iTesis.lot'.

 [13] (./Capitulo01.tex
Cap\'{\i }tulo 1
pdfTeX warning (ext4): destination with the same identifier (name{page.1}) has 
been already used, duplicate ignored
<to be read again> 
                   \relax 
l.20 
      [1

] [2] [3] <./Figures/Dataglove.jpg, id=686, 411.78844pt x 295.85532pt>
File: ./Figures/Dataglove.jpg Graphic file (type jpg)

<use ./Figures/Dataglove.jpg>
Package pdftex.def Info: ./Figures/Dataglove.jpg used on input line 101.
(pdftex.def)             Requested size: 102.94685pt x 73.96364pt.

<./Figures/colorGloves.jpg, id=687, 478.78876pt x 319.94531pt>
File: ./Figures/colorGloves.jpg Graphic file (type jpg)

<use ./Figures/colorGloves.jpg>
Package pdftex.def Info: ./Figures/colorGloves.jpg used on input line 101.
(pdftex.def)             Requested size: 119.69688pt x 79.98613pt.

<./Figures/wii.jpg, id=688, 230.36063pt x 248.42813pt>
File: ./Figures/wii.jpg Graphic file (type jpg)
 <use ./Figures/wii.jpg>
Package pdftex.def Info: ./Figures/wii.jpg used on input line 101.
(pdftex.def)             Requested size: 66.80286pt x 72.04231pt.

<./Figures/webcam.jpg, id=695, 180.675pt x 225.84375pt>
File: ./Figures/webcam.jpg Graphic file (type jpg)

<use ./Figures/webcam.jpg>
Package pdftex.def Info: ./Figures/webcam.jpg used on input line 108.
(pdftex.def)             Requested size: 54.20291pt x 67.75363pt.

<./Figures/digitalCamera.jpg, id=696, 381.67593pt x 344.03531pt>
File: ./Figures/digitalCamera.jpg Graphic file (type jpg)

<use ./Figures/digitalCamera.jpg>
Package pdftex.def Info: ./Figures/digitalCamera.jpg used on input line 108.
(pdftex.def)             Requested size: 76.33383pt x 68.80583pt.

<./Figures/TOF.jpg, id=697, 743.02594pt x 432.11438pt>
File: ./Figures/TOF.jpg Graphic file (type jpg)
 <use ./Figures/TOF.jpg>
Package pdftex.def Info: ./Figures/TOF.jpg used on input line 108.
(pdftex.def)             Requested size: 111.44908pt x 64.81435pt.
LaTeX Font Info:    Font shape `OT1/phv/bx/n' in size <10> not available
(Font)              Font shape `OT1/phv/b/n' tried instead on input line 109.


LaTeX Warning: `!h' float specifier changed to `!ht'.

[4] [5 <./Figures/Dataglove.jpg> <./Figures/colorGloves.jpg> <./Figures/wii.jpg
> <./Figures/webcam.jpg> <./Figures/digitalCamera.jpg> <./Figures/TOF.jpg>]
<./Figures/MYO.png, id=735, 526.96875pt x 441.14813pt>
File: ./Figures/MYO.png Graphic file (type png)
 <use ./Figures/MYO.png>
Package pdftex.def Info: ./Figures/MYO.png used on input line 148.
(pdftex.def)             Requested size: 263.48372pt x 220.57352pt.
LaTeX Font Info:    Font shape `OT1/phv/bx/n' in size <7> not available
(Font)              Font shape `OT1/phv/b/n' tried instead on input line 150.


LaTeX Warning: `!h' float specifier changed to `!ht'.

[6] [7 <./Figures/MYO.png (PNG copy)>]
Overfull \hbox (3.6281pt too wide) in paragraph at lines 181--182
[]\OT1/phv/m/n/12 Otro tra-ba-jo pro-pues-to (Capu-to [], 2012) rea-li-za el re
-co-no-ci-mien-to de ges-tos din[]ami-
 []

[8] [9] <./Figures/LeapMotion.png, id=772, 974.89218pt x 416.30531pt>
File: ./Figures/LeapMotion.png Graphic file (type png)

<use ./Figures/LeapMotion.png>
Package pdftex.def Info: ./Figures/LeapMotion.png used on input line 219.
(pdftex.def)             Requested size: 292.46991pt x 124.89255pt.
 [10 <./Figures/LeapMotion.png (PNG copy)>]
<./Figures/Flutter.jpg, id=787, 1121.18875pt x 421.575pt>
File: ./Figures/Flutter.jpg Graphic file (type jpg)

<use ./Figures/Flutter.jpg>
Package pdftex.def Info: ./Figures/Flutter.jpg used on input line 234.
(pdftex.def)             Requested size: 448.46756pt x 168.627pt.
 [11 <./Figures/Flutter.jpg>]) [12]
(./Capitulo02.tex
Cap\'{\i }tulo 2
[13

] <./Figures/HGR.png, id=818, 796.9775pt x 84.315pt>
File: ./Figures/HGR.png Graphic file (type png)

<use ./Figures/HGR.png>
Package pdftex.def Info: ./Figures/HGR.png used on input line 36.
(pdftex.def)             Requested size: 478.19019pt x 50.58937pt.

Overfull \hbox (6.15895pt too wide) in paragraph at lines 36--37
 [] 
 []

[14 <./Figures/HGR.png>] [15] [16] [17]
<./Figures/image.png, id=840, 628.59843pt x 402.00188pt>
File: ./Figures/image.png Graphic file (type png)

<use ./Figures/image.png>
Package pdftex.def Info: ./Figures/image.png used on input line 113.
(pdftex.def)             Requested size: 314.29845pt x 201.00044pt.


LaTeX Warning: `!h' float specifier changed to `!ht'.

[18] <./Figures/MatrixConfusion.png, id=846, 886.06032pt x 277.035pt>
File: ./Figures/MatrixConfusion.png Graphic file (type png)

<use ./Figures/MatrixConfusion.png>
Package pdftex.def Info: ./Figures/MatrixConfusion.png used on input line 143.
(pdftex.def)             Requested size: 354.41785pt x 110.81203pt.
 [19 <./Figures/image.png>]

LaTeX Warning: Command \' invalid in math mode on input line 153.

! Please use \mathaccent for accents in math mode.
\add@accent ...@spacefactor \spacefactor }\accent 
                                                  #1 #2\egroup \spacefactor ...
l.153 Presici\'o
                n = \frac{Verdaderos \quad positivos}{Verdaderos \quad posit...
I'm changing \accent to \mathaccent here; wish me luck.
(Accents are not the same in formulas as they are in text.)

! You can't use `\spacefactor' in display math mode.
\add@accent ...}\accent #1 #2\egroup \spacefactor 
                                                  \accent@spacefactor 
l.153 Presici\'o
                n = \frac{Verdaderos \quad positivos}{Verdaderos \quad posit...
Sorry, but I'm not programmed to handle this case;
I'll just pretend that you didn't ask for it.
If you're in the wrong mode, you might be able to
return to the right one by typing `I}' or `I$' or `I\par'.

! You can't use `\spacefactor' in display math mode.
<argument> ...cefactor \spacefactor }\spacefactor 
                                                  \accent@spacefactor 
l.153 Presici\'o
                n = \frac{Verdaderos \quad positivos}{Verdaderos \quad posit...
Sorry, but I'm not programmed to handle this case;
I'll just pretend that you didn't ask for it.
If you're in the wrong mode, you might be able to
return to the right one by typing `I}' or `I$' or `I\par'.

Missing character: There is no  in font cmex10!
Missing character: There is no  in font cmex10!
[20 <./Figures/MatrixConfusion.png>]) (./Capitulo03.tex
Cap\'{\i }tulo 3

Overfull \hbox (9.38382pt too wide) in paragraph at lines 1--1
 |[] \OT1/phv/b/n/17.28 Sis-te-ma pro-pues-to de re-co-no-ci-mien-to de ges-
 []

<./Figures/MyHGR.png, id=862, 766.865pt x 84.315pt>
File: ./Figures/MyHGR.png Graphic file (type png)
 <use ./Figures/MyHGR.png>
Package pdftex.def Info: ./Figures/MyHGR.png used on input line 14.
(pdftex.def)             Requested size: 460.12256pt x 50.58937pt.

<./Figures/Adquisicion.png, id=864, 415.5525pt x 92.345pt>
File: ./Figures/Adquisicion.png Graphic file (type png)

<use ./Figures/Adquisicion.png>
Package pdftex.def Info: ./Figures/Adquisicion.png used on input line 26.
(pdftex.def)             Requested size: 249.33342pt x 55.40741pt.

Underfull \hbox (badness 10000) in paragraph at lines 35--35
[][][]$\OT1/cmtt/m/n/10 https : / / patentscope . wipo . int / search / en / de
tail . jsf ? docId = WO2007043036&recNum = 1&maxRec =
 []

[21

 <./Figures/MyHGR.png> <./Figures/Adquisicion.png>]
<./Figures/Kinect.jpg, id=878, 462.22687pt x 120.45pt>
File: ./Figures/Kinect.jpg Graphic file (type jpg)

<use ./Figures/Kinect.jpg>
Package pdftex.def Info: ./Figures/Kinect.jpg used on input line 42.
(pdftex.def)             Requested size: 300.44391pt x 78.29155pt.

<./Figures/sensor.png, id=883, 390.70969pt x 214.55156pt>
File: ./Figures/sensor.png Graphic file (type png)

<use ./Figures/sensor.png>
Package pdftex.def Info: ./Figures/sensor.png used on input line 55.
(pdftex.def)             Requested size: 234.42761pt x 128.73192pt.
 [22 <./Figures/Kinect.jpg> <./Figures/sensor.png>]
[23] <./Figures/Detection.png, id=906, 656.4525pt x 92.345pt>
File: ./Figures/Detection.png Graphic file (type png)

<use ./Figures/Detection.png>
Package pdftex.def Info: ./Figures/Detection.png used on input line 99.
(pdftex.def)             Requested size: 459.51361pt x 64.64104pt.
 [24 <./Figures/Detection.png>]
<./Figures/ViolaJonesDiagram.png, id=917, 755.82375pt x 143.53625pt>
File: ./Figures/ViolaJonesDiagram.png Graphic file (type png)

<use ./Figures/ViolaJonesDiagram.png>
Package pdftex.def Info: ./Figures/ViolaJonesDiagram.png used on input line 115
.
(pdftex.def)             Requested size: 453.49774pt x 86.1224pt.
 [25 <./Figures/ViolaJonesDiagram.png>]
<./Figures/haarFeatures1.jpg, id=931, 141.52875pt x 240.14719pt>
File: ./Figures/haarFeatures1.jpg Graphic file (type jpg)

<use ./Figures/haarFeatures1.jpg>
Package pdftex.def Info: ./Figures/haarFeatures1.jpg used on input line 136.
(pdftex.def)             Requested size: 56.61049pt x 96.05716pt.

<./Figures/haarFeatures2.jpg, id=932, 134.75343pt x 243.15843pt>
File: ./Figures/haarFeatures2.jpg Graphic file (type jpg)

<use ./Figures/haarFeatures2.jpg>
Package pdftex.def Info: ./Figures/haarFeatures2.jpg used on input line 137.
(pdftex.def)             Requested size: 53.9004pt x 97.26164pt.

<./Figures/haarFeatures3.jpg, id=933, 240.9pt x 100.12407pt>
File: ./Figures/haarFeatures3.jpg Graphic file (type jpg)

<use ./Figures/haarFeatures3.jpg>
Package pdftex.def Info: ./Figures/haarFeatures3.jpg used on input line 138.
(pdftex.def)             Requested size: 96.35828pt x 40.0489pt.

<./Figures/haarFeatures4.jpg, id=934, 243.91125pt x 244.66406pt>
File: ./Figures/haarFeatures4.jpg Graphic file (type jpg)

<use ./Figures/haarFeatures4.jpg>
Package pdftex.def Info: ./Figures/haarFeatures4.jpg used on input line 139.
(pdftex.def)             Requested size: 97.56276pt x 97.86388pt.

<./Figures/ImagetoIntegral.png, id=940, 175.40532pt x 134.00063pt>
File: ./Figures/ImagetoIntegral.png Graphic file (type png)

<use ./Figures/ImagetoIntegral.png>
Package pdftex.def Info: ./Figures/ImagetoIntegral.png used on input line 155.
(pdftex.def)             Requested size: 105.24399pt x 80.40097pt.

<./Figures/CalculationIntegral.png, id=941, 173.89969pt x 134.00063pt>
File: ./Figures/CalculationIntegral.png Graphic file (type png)

<use ./Figures/CalculationIntegral.png>
Package pdftex.def Info: ./Figures/CalculationIntegral.png used on input line 1
56.
(pdftex.def)             Requested size: 104.3406pt x 80.40097pt.
 [26 <./Figures/haarFeatures1.jpg> <./Figures/haarFeatures2.jpg> <./Figures/haa
rFeatures3.jpg> <./Figures/haarFeatures4.jpg> <./Figures/ImagetoIntegral.png> <
./Figures/CalculationIntegral.png>]
<./Figures/IntegralImage.png, id=954, 822.07124pt x 566.86781pt>
File: ./Figures/IntegralImage.png Graphic file (type png)

<use ./Figures/IntegralImage.png>
Package pdftex.def Info: ./Figures/IntegralImage.png used on input line 168.
(pdftex.def)             Requested size: 205.5173pt x 141.7166pt.
 [27 <./Figures/IntegralImage.png>]
<./Figures/DCascade.png, id=970, 760.8425pt x 296.10625pt>
File: ./Figures/DCascade.png Graphic file (type png)

<use ./Figures/DCascade.png>
Package pdftex.def Info: ./Figures/DCascade.png used on input line 204.
(pdftex.def)             Requested size: 456.50902pt x 177.66512pt.
 [28 <./Figures/DCascade.png>] [29]
<./Figures/EX1.png, id=988, 178.41656pt x 137.01187pt>
File: ./Figures/EX1.png Graphic file (type png)
 <use ./Figures/EX1.png>
Package pdftex.def Info: ./Figures/EX1.png used on input line 272.
(pdftex.def)             Requested size: 121.32164pt x 93.16684pt.

<./Figures/EX3.png, id=989, 120.45pt x 137.01187pt>
File: ./Figures/EX3.png Graphic file (type png)
 <use ./Figures/EX3.png>
Package pdftex.def Info: ./Figures/EX3.png used on input line 273.
(pdftex.def)             Requested size: 81.9049pt x 93.16684pt.

<./Figures/EX2.png, id=990, 293.59688pt x 219.82124pt>
File: ./Figures/EX2.png Graphic file (type png)
 <use ./Figures/EX2.png>
Package pdftex.def Info: ./Figures/EX2.png used on input line 274.
(pdftex.def)             Requested size: 123.30983pt x 92.32428pt.

[30] [31 <./Figures/EX1.png> <./Figures/EX3.png> <./Figures/EX2.png>]
<./Figures/originalMO.png, id=1022, 167.12437pt x 167.12437pt>
File: ./Figures/originalMO.png Graphic file (type png)

<use ./Figures/originalMO.png>
Package pdftex.def Info: ./Figures/originalMO.png used on input line 315.
(pdftex.def)             Requested size: 91.91867pt x 91.91867pt.

<./Figures/dilatationMO.png, id=1023, 167.12437pt x 167.12437pt>
File: ./Figures/dilatationMO.png Graphic file (type png)

<use ./Figures/dilatationMO.png>
Package pdftex.def Info: ./Figures/dilatationMO.png used on input line 316.
(pdftex.def)             Requested size: 91.91867pt x 91.91867pt.

<./Figures/erosionMO.png, id=1024, 167.12437pt x 164.11313pt>
File: ./Figures/erosionMO.png Graphic file (type png)

<use ./Figures/erosionMO.png>
Package pdftex.def Info: ./Figures/erosionMO.png used on input line 317.
(pdftex.def)             Requested size: 91.91867pt x 90.26248pt.

<./Figures/openingMO.png, id=1025, 167.12437pt x 166.37157pt>
File: ./Figures/openingMO.png Graphic file (type png)

<use ./Figures/openingMO.png>
Package pdftex.def Info: ./Figures/openingMO.png used on input line 318.
(pdftex.def)             Requested size: 91.91867pt x 91.50462pt.

<./Figures/closingMO.png, id=1026, 167.12437pt x 167.12437pt>
File: ./Figures/closingMO.png Graphic file (type png)

<use ./Figures/closingMO.png>
Package pdftex.def Info: ./Figures/closingMO.png used on input line 319.
(pdftex.def)             Requested size: 91.91867pt x 91.91867pt.
 [32 <./Figures/originalMO.png> <./Figures/dilatationMO.png> <./Figures/erosion
MO.png> <./Figures/openingMO.png> <./Figures/closingMO.png>] <./Figures/DExtrac
cion.png, id=1036, 656.4525pt x 92.345pt>
File: ./Figures/DExtraccion.png Graphic file (type png)

<use ./Figures/DExtraccion.png>
Package pdftex.def Info: ./Figures/DExtraccion.png used on input line 335.
(pdftex.def)             Requested size: 459.51361pt x 64.64104pt.


Package amsfonts Warning: Obsolete command \bold; \mathbf should be used instea
d on input line 343.

<./Figures/ConvexSet.png, id=1039, 146.79843pt x 127.97812pt>
File: ./Figures/ConvexSet.png Graphic file (type png)

<use ./Figures/ConvexSet.png>
Package pdftex.def Info: ./Figures/ConvexSet.png used on input line 346.
(pdftex.def)             Requested size: 117.43889pt x 102.38261pt.

<./Figures/ConcaveSet.png, id=1040, 143.03438pt x 130.23656pt>
File: ./Figures/ConcaveSet.png Graphic file (type png)

<use ./Figures/ConcaveSet.png>
Package pdftex.def Info: ./Figures/ConcaveSet.png used on input line 347.
(pdftex.def)             Requested size: 107.2755pt x 97.67717pt.
 [33 <./Figures/DExtraccion.png> <./Figures/ConvexSet.png (PNG copy)> <./Figure
s/ConcaveSet.png>]
<./Figures/ConvexHullAndDefects.png, id=1054, 517.935pt x 301.8778pt>
File: ./Figures/ConvexHullAndDefects.png Graphic file (type png)

<use ./Figures/ConvexHullAndDefects.png>
Package pdftex.def Info: ./Figures/ConvexHullAndDefects.png used on input line 
360.
(pdftex.def)             Requested size: 207.17032pt x 120.74898pt.

Overfull \hbox (39.42148pt too wide) in paragraph at lines 368--370
\OT1/phv/m/n/12 de con-ve-xi-dad en es-pe-ci-fi-co los con-jun-tos de pun-tos d
e ini-cio, $\OMS/cmsy/m/n/12 S \OT1/cmr/m/n/12 = \OMS/cmsy/m/n/12 f\OML/cmm/m/i
t/12 s[]\OT1/cmr/m/n/12 (\OML/cmm/m/it/12 x; y\OT1/cmr/m/n/12 )\OML/cmm/m/it/12
 ; s[]\OT1/cmr/m/n/12 (\OML/cmm/m/it/12 x; y\OT1/cmr/m/n/12 )\OML/cmm/m/it/12 ;
 []  ; s[]\OT1/cmr/m/n/12 (\OML/cmm/m/it/12 x; y\OT1/cmr/m/n/12 )\OMS/cmsy/m/n/
12 g$\OT1/phv/m/n/12 ,
 []

[34 <./Figures/ConvexHullAndDefects.png (PNG copy)>]
<./Figures/rootFingers.png, id=1063, 360.59718pt x 322.95656pt>
File: ./Figures/rootFingers.png Graphic file (type png)

<use ./Figures/rootFingers.png>
Package pdftex.def Info: ./Figures/rootFingers.png used on input line 379.
(pdftex.def)             Requested size: 198.32906pt x 177.62665pt.
LaTeX Font Info:    Font shape `OT1/phv/bx/it' in size <10> not available
(Font)              Font shape `OT1/phv/b/it' tried instead on input line 381.
LaTeX Font Info:    Font shape `OT1/phv/b/it' in size <10> not available
(Font)              Font shape `OT1/phv/b/sl' tried instead on input line 381.
 [35 <./Figures/rootFingers.png>]
<./Figures/angles.png, id=1072, 276.28218pt x 302.63063pt>
File: ./Figures/angles.png Graphic file (type png)

<use ./Figures/angles.png>
Package pdftex.def Info: ./Figures/angles.png used on input line 403.
(pdftex.def)             Requested size: 165.77057pt x 181.57977pt.
 [36 <./Figures/angles.png>]
<./Figures/SVMarticle.png, id=1082, 622.57594pt x 413.29407pt>
File: ./Figures/SVMarticle.png Graphic file (type png)

<use ./Figures/SVMarticle.png>
Package pdftex.def Info: ./Figures/SVMarticle.png used on input line 425.
(pdftex.def)             Requested size: 342.41782pt x 227.31242pt.
LaTeX Font Info:    Font shape `OT1/phv/bx/n' in size <5> not available
(Font)              Font shape `OT1/phv/b/n' tried instead on input line 427.
 [37 <./Figures/SVMarticle.png>] [38] [39])
(./Capitulo04.tex
Cap\'{\i }tulo 4

Overfull \hbox (1.53839pt too wide) in paragraph at lines 1--1
 |[] \OT1/phv/b/n/17.28 Im-ple-men-ta-ci[]on del sis-te-ma pro-pues-to de re-
 []

<./Figures/system.png, id=1108, 1174.3875pt x 1025.8325pt>
File: ./Figures/system.png Graphic file (type png)

<use ./Figures/system.png>
Package pdftex.def Info: ./Figures/system.png used on input line 15.
(pdftex.def)             Requested size: 234.87334pt x 205.16287pt.

<./Figures/166.png, id=1110, 473.51906pt x 346.29375pt>
File: ./Figures/166.png Graphic file (type png)

<use ./Figures/166.png>
Package pdftex.def Info: ./Figures/166.png used on input line 26.
(pdftex.def)             Requested size: 165.73415pt x 121.20462pt.


LaTeX Warning: `!h' float specifier changed to `!ht'.

[40

 <./Figures/system.png>]
<./Figures/166_W13.png, id=1118, 472.76625pt x 345.54094pt>
File: ./Figures/166_W13.png Graphic file (type png)

<use ./Figures/166_W13.png>
Package pdftex.def Info: ./Figures/166_W13.png used on input line 36.
(pdftex.def)             Requested size: 165.47066pt x 120.94113pt.
 [41 <./Figures/166.png> <./Figures/166_W13.png>]
<./Figures/TrainingImage2.png, id=1140, 94.10156pt x 118.94438pt>
File: ./Figures/TrainingImage2.png Graphic file (type png)

<use ./Figures/TrainingImage2.png>
Package pdftex.def Info: ./Figures/TrainingImage2.png used on input line 57.
(pdftex.def)             Requested size: 94.10132pt x 118.94408pt.

<./Figures/TrainingImage1.png, id=1141, 61.73062pt x 76.78688pt>
File: ./Figures/TrainingImage1.png Graphic file (type png)

<use ./Figures/TrainingImage1.png>
Package pdftex.def Info: ./Figures/TrainingImage1.png used on input line 58.
(pdftex.def)             Requested size: 95.68239pt x 119.01958pt.

<./Figures/TrainingImage3.png, id=1142, 79.04532pt x 120.45pt>
File: ./Figures/TrainingImage3.png Graphic file (type png)

<use ./Figures/TrainingImage3.png>
Package pdftex.def Info: ./Figures/TrainingImage3.png used on input line 59.
(pdftex.def)             Requested size: 78.25508pt x 119.24585pt.

Underfull \hbox (badness 1540) in paragraph at lines 59--59
[]\OT1/phv/m/n/10 (c) Pal-ma de la
 []

<./Figures/Fondo5262.png, id=1143, 642.4pt x 481.8pt>
File: ./Figures/Fondo5262.png Graphic file (type png)

<use ./Figures/Fondo5262.png>
Package pdftex.def Info: ./Figures/Fondo5262.png used on input line 67.
(pdftex.def)             Requested size: 192.72148pt x 144.5411pt.

<./Figures/Fondo11313.png, id=1144, 642.4pt x 481.8pt>
File: ./Figures/Fondo11313.png Graphic file (type png)

<use ./Figures/Fondo11313.png>
Package pdftex.def Info: ./Figures/Fondo11313.png used on input line 68.
(pdftex.def)             Requested size: 192.72148pt x 144.5411pt.


LaTeX Warning: `!h' float specifier changed to `!ht'.

[42 <./Figures/TrainingImage2.png> <./Figures/TrainingImage1.png> <./Figures/Tr
ainingImage3.png>] <./Figures/DS_252.png, id=1162, 642.4pt x 481.8pt>
File: ./Figures/DS_252.png Graphic file (type png)

<use ./Figures/DS_252.png>
Package pdftex.def Info: ./Figures/DS_252.png used on input line 82.
(pdftex.def)             Requested size: 224.84337pt x 168.63252pt.

<./Figures/250B_Otsu.png, id=1164, 129.48375pt x 134.5025pt>
File: ./Figures/250B_Otsu.png Graphic file (type png)

<use ./Figures/250B_Otsu.png>
Package pdftex.def Info: ./Figures/250B_Otsu.png used on input line 92.
(pdftex.def)             Requested size: 129.48341pt x 134.50215pt.
 [43 <./Figures/Fondo5262.png (PNG copy)> <./Figures/Fondo11313.png (PNG copy)>
 <./Figures/DS_252.png (PNG copy)>]
<./Figures/250_Dedos.png, id=1176, 129.48375pt x 134.5025pt>
File: ./Figures/250_Dedos.png Graphic file (type png)

<use ./Figures/250_Dedos.png>
Package pdftex.def Info: ./Figures/250_Dedos.png used on input line 127.
(pdftex.def)             Requested size: 129.48341pt x 134.50215pt.


LaTeX Warning: `!h' float specifier changed to `!ht'.

[44 <./Figures/250B_Otsu.png (PNG copy)>]
<./Figures/G1.png, id=1187, 642.4pt x 481.8pt>
File: ./Figures/G1.png Graphic file (type png)
 <use ./Figures/G1.png>
Package pdftex.def Info: ./Figures/G1.png used on input line 157.
(pdftex.def)             Requested size: 192.72148pt x 144.5411pt.

<./Figures/G2.png, id=1188, 642.4pt x 481.8pt>
File: ./Figures/G2.png Graphic file (type png)
 <use ./Figures/G2.png>
Package pdftex.def Info: ./Figures/G2.png used on input line 158.
(pdftex.def)             Requested size: 192.72148pt x 144.5411pt.


LaTeX Warning: `!h' float specifier changed to `!ht'.

[45 <./Figures/250_Dedos.png>]
<./Figures/G3_1.png, id=1196, 346.29375pt x 276.28218pt>
File: ./Figures/G3_1.png Graphic file (type png)

<use ./Figures/G3_1.png>
Package pdftex.def Info: ./Figures/G3_1.png used on input line 174.
(pdftex.def)             Requested size: 86.57321pt x 69.07037pt.

<./Figures/G3_15.png, id=1197, 346.29375pt x 276.28218pt>
File: ./Figures/G3_15.png Graphic file (type png)

<use ./Figures/G3_15.png>
Package pdftex.def Info: ./Figures/G3_15.png used on input line 175.
(pdftex.def)             Requested size: 86.57321pt x 69.07037pt.

<./Figures/G3_30.png, id=1198, 346.29375pt x 276.28218pt>
File: ./Figures/G3_30.png Graphic file (type png)

<use ./Figures/G3_30.png>
Package pdftex.def Info: ./Figures/G3_30.png used on input line 176.
(pdftex.def)             Requested size: 86.57321pt x 69.07037pt.

<./Figures/G3_45.png, id=1199, 346.29375pt x 276.28218pt>
File: ./Figures/G3_45.png Graphic file (type png)

<use ./Figures/G3_45.png>
Package pdftex.def Info: ./Figures/G3_45.png used on input line 177.
(pdftex.def)             Requested size: 86.57321pt x 69.07037pt.

<./Figures/G3_60.png, id=1200, 346.29375pt x 276.28218pt>
File: ./Figures/G3_60.png Graphic file (type png)

<use ./Figures/G3_60.png>
Package pdftex.def Info: ./Figures/G3_60.png used on input line 178.
(pdftex.def)             Requested size: 86.57321pt x 69.07037pt.
 [46 <./Figures/G1.png (PNG copy)> <./Figures/G2.png (PNG copy)> <./Figures/G3_
1.png> <./Figures/G3_15.png> <./Figures/G3_30.png> <./Figures/G3_45.png> <./Fig
ures/G3_60.png>]
<./Figures/G4_1.png, id=1217, 346.29375pt x 276.28218pt>
File: ./Figures/G4_1.png Graphic file (type png)

<use ./Figures/G4_1.png>
Package pdftex.def Info: ./Figures/G4_1.png used on input line 190.
(pdftex.def)             Requested size: 86.57321pt x 69.07037pt.

<./Figures/G4_15.png, id=1218, 346.29375pt x 276.28218pt>
File: ./Figures/G4_15.png Graphic file (type png)

<use ./Figures/G4_15.png>
Package pdftex.def Info: ./Figures/G4_15.png used on input line 191.
(pdftex.def)             Requested size: 86.57321pt x 69.07037pt.

<./Figures/G4_30.png, id=1219, 346.29375pt x 276.28218pt>
File: ./Figures/G4_30.png Graphic file (type png)

<use ./Figures/G4_30.png>
Package pdftex.def Info: ./Figures/G4_30.png used on input line 192.
(pdftex.def)             Requested size: 86.57321pt x 69.07037pt.

<./Figures/G4_45.png, id=1220, 346.29375pt x 276.28218pt>
File: ./Figures/G4_45.png Graphic file (type png)

<use ./Figures/G4_45.png>
Package pdftex.def Info: ./Figures/G4_45.png used on input line 193.
(pdftex.def)             Requested size: 86.57321pt x 69.07037pt.

<./Figures/G4_60.png, id=1221, 346.29375pt x 276.28218pt>
File: ./Figures/G4_60.png Graphic file (type png)

<use ./Figures/G4_60.png>
Package pdftex.def Info: ./Figures/G4_60.png used on input line 194.
(pdftex.def)             Requested size: 86.57321pt x 69.07037pt.
 [47

 <./Figures/G4_1.png> <./Figures/G4_15.png> <./Figures/G4_30.png> <./Figures/G4
_45.png> <./Figures/G4_60.png>]) (./Capitulo05.tex
Cap\'{\i }tulo 5
[48

] <./Figures/iluminacion.jpg, id=1248, 2463.2025pt x 1734.48pt>
File: ./Figures/iluminacion.jpg Graphic file (type jpg)

<use ./Figures/iluminacion.jpg>
Package pdftex.def Info: ./Figures/iluminacion.jpg used on input line 41.
(pdftex.def)             Requested size: 221.67867pt x 156.09647pt.


LaTeX Warning: `!h' float specifier changed to `!ht'.

[49 <./Figures/iluminacion.jpg>]

LaTeX Warning: `!h' float specifier changed to `!ht'.

[50] [51]
<./Figures/mediailuminacion.jpg, id=1269, 2652.91125pt x 1719.42375pt>
File: ./Figures/mediailuminacion.jpg Graphic file (type jpg)

<use ./Figures/mediailuminacion.jpg>
Package pdftex.def Info: ./Figures/mediailuminacion.jpg used on input line 193.

(pdftex.def)             Requested size: 238.75171pt x 154.74146pt.


LaTeX Warning: `!h' float specifier changed to `!ht'.

[52 <./Figures/mediailuminacion.jpg>] [53]
<./Figures/noIluminacion.jpg, id=1284, 2637.10219pt x 1717.91812pt>
File: ./Figures/noIluminacion.jpg Graphic file (type jpg)

<use ./Figures/noIluminacion.jpg>
Package pdftex.def Info: ./Figures/noIluminacion.jpg used on input line 301.
(pdftex.def)             Requested size: 237.32895pt x 154.60596pt.


LaTeX Warning: `!h' float specifier changed to `!ht'.

[54 <./Figures/noIluminacion.jpg>] [55] [56]

LaTeX Warning: `!h' float specifier changed to `!ht'.

[57]

LaTeX Warning: `!h' float specifier changed to `!ht'.


LaTeX Warning: `!h' float specifier changed to `!ht'.

[58]

LaTeX Warning: `!h' float specifier changed to `!ht'.


LaTeX Warning: `!h' float specifier changed to `!ht'.

[59]

LaTeX Warning: `!h' float specifier changed to `!ht'.


LaTeX Warning: `!h' float specifier changed to `!ht'.

[60]

LaTeX Warning: `!h' float specifier changed to `!ht'.


LaTeX Warning: `!h' float specifier changed to `!ht'.

[61]

LaTeX Warning: `!h' float specifier changed to `!ht'.

[62] [63] [64]) (./Capitulo06.tex
Cap\'{\i }tulo 6
[65

] [66]) (./iTesis.bbl (/usr/share/texmf/tex/latex/ucs/data/uni-32.def
File: uni-32.def 2013/05/13 UCS: Unicode data U+2000..U+20FF
)
[67

] [68]) (./Apendice1.tex [69]
Ap\'{e}ndice A
! Extra }, or forgotten $.
l.26 	$$\epsilon = \sum_i w_i | h_i(x_i) - y_i |}
                                                 .$$
I've deleted a group-closing symbol because it seems to be
spurious, as in `$x}$'. But perhaps the } is legitimate and
you forgot something else, as in `\hbox{$x}'. In such cases
the way to recover is to insert both the forgotten and the
deleted material, e.g., by typing `I$}'.


! LaTeX Error: Something's wrong--perhaps a missing \item.

See the LaTeX manual or LaTeX Companion for explanation.
Type  H <return>  for immediate help.
 ...                                              
                                                  
l.27     \ENDFOR
                
Try typing  <return>  to proceed.
If that doesn't work, type  X <return>  to quit.

Package hyperref Info: bookmark level for unknown algorithm defaults to 0 on in
put line 45.
) [70

] (./Apendice2.tex
Ap\'{e}ndice B
) [71

] (./Apendice3.tex
Ap\'{e}ndice C
! Missing \right. inserted.
<inserted text> 
                \right .
l.17 ...$ \textbf{Y} $ \delta_i > \frac{L_r}{k}$ }
                                                  
I've inserted something that you may have forgotten.
(See the <inserted text> above.)
With luck, this will get me unwedged. But if you
really didn't forget anything, try typing `2' now; then
my insertion and my current dilemma will both disappear.

) [72

] (./Apendice4.tex
Ap\'{e}ndice D

LaTeX Warning: Command \' invalid in math mode on input line 13.

! Please use \mathaccent for accents in math mode.
\add@accent ...@spacefactor \spacefactor }\accent 
                                                  #1 #2\egroup \spacefactor ...
l.13 \STATE $\'a
                rea=0$.
I'm changing \accent to \mathaccent here; wish me luck.
(Accents are not the same in formulas as they are in text.)

! You can't use `\spacefactor' in math mode.
\add@accent ...}\accent #1 #2\egroup \spacefactor 
                                                  \accent@spacefactor 
l.13 \STATE $\'a
                rea=0$.
Sorry, but I'm not programmed to handle this case;
I'll just pretend that you didn't ask for it.
If you're in the wrong mode, you might be able to
return to the right one by typing `I}' or `I$' or `I\par'.

! You can't use `\spacefactor' in math mode.
<argument> ...cefactor \spacefactor }\spacefactor 
                                                  \accent@spacefactor 
l.13 \STATE $\'a
                rea=0$.
Sorry, but I'm not programmed to handle this case;
I'll just pretend that you didn't ask for it.
If you're in the wrong mode, you might be able to
return to the right one by typing `I}' or `I$' or `I\par'.

Missing character: There is no  in font cmex10!
Missing character: There is no  in font cmex10!

LaTeX Warning: Command \' invalid in math mode on input line 17.

! Please use \mathaccent for accents in math mode.
\add@accent ...@spacefactor \spacefactor }\accent 
                                                  #1 #2\egroup \spacefactor ...
l.17 	\STATE Calcular el $\'a
                             rea$ sobrepuesta de los rectngulos $Rect$ y $...
I'm changing \accent to \mathaccent here; wish me luck.
(Accents are not the same in formulas as they are in text.)

! You can't use `\spacefactor' in math mode.
\add@accent ...}\accent #1 #2\egroup \spacefactor 
                                                  \accent@spacefactor 
l.17 	\STATE Calcular el $\'a
                             rea$ sobrepuesta de los rectngulos $Rect$ y $...
Sorry, but I'm not programmed to handle this case;
I'll just pretend that you didn't ask for it.
If you're in the wrong mode, you might be able to
return to the right one by typing `I}' or `I$' or `I\par'.

! You can't use `\spacefactor' in math mode.
<argument> ...cefactor \spacefactor }\spacefactor 
                                                  \accent@spacefactor 
l.17 	\STATE Calcular el $\'a
                             rea$ sobrepuesta de los rectngulos $Rect$ y $...
Sorry, but I'm not programmed to handle this case;
I'll just pretend that you didn't ask for it.
If you're in the wrong mode, you might be able to
return to the right one by typing `I}' or `I$' or `I\par'.

Missing character: There is no  in font cmex10!
Missing character: There is no  in font cmex10!

LaTeX Warning: Command \' invalid in math mode on input line 18.

! Please use \mathaccent for accents in math mode.
\add@accent ...@spacefactor \spacefactor }\accent 
                                                  #1 #2\egroup \spacefactor ...
l.18 	\IF {$\'area$ $\geq$ $t$}
                               
I'm changing \accent to \mathaccent here; wish me luck.
(Accents are not the same in formulas as they are in text.)

! You can't use `\spacefactor' in math mode.
\add@accent ...}\accent #1 #2\egroup \spacefactor 
                                                  \accent@spacefactor 
l.18 	\IF {$\'area$ $\geq$ $t$}
                               
Sorry, but I'm not programmed to handle this case;
I'll just pretend that you didn't ask for it.
If you're in the wrong mode, you might be able to
return to the right one by typing `I}' or `I$' or `I\par'.

! You can't use `\spacefactor' in math mode.
<argument> ...cefactor \spacefactor }\spacefactor 
                                                  \accent@spacefactor 
l.18 	\IF {$\'area$ $\geq$ $t$}
                               
Sorry, but I'm not programmed to handle this case;
I'll just pretend that you didn't ask for it.
If you're in the wrong mode, you might be able to
return to the right one by typing `I}' or `I$' or `I\par'.

Missing character: There is no  in font cmex10!
Missing character: There is no  in font cmex10!
) [73

]

Package glossaries Warning: No \printglossary or \printglossaries found.
This document will not have a glossary.

Package atveryend Info: Empty hook `BeforeClearDocument' on input line 296.
Package atveryend Info: Empty hook `AfterLastShipout' on input line 296.
(./iTesis.aux
LaTeX Info: Redefining \. on input line 25.
LaTeX Info: Redefining \% on input line 25.
)
Package atveryend Info: Executing hook `AtVeryEndDocument' on input line 296.
Package atveryend Info: Executing hook `AtEndAfterFileList' on input line 296.
Package rerunfilecheck Info: File `iTesis.out' has not changed.
(rerunfilecheck)             Checksum: 97E3DC15AEA8A9A14EDF0C5C11B705CD;5339.


LaTeX Warning: There were multiply-defined labels.

 ) 
Here is how much of TeX's memory you used:
 22866 strings out of 493315
 353933 string characters out of 6145894
 546410 words of memory out of 5000000
 25342 multiletter control sequences out of 15000+600000
 45553 words of font info for 93 fonts, out of 8000000 for 9000
 957 hyphenation exceptions out of 8191
 53i,14n,92p,1456b,832s stack positions out of 5000i,500n,10000p,200000b,80000s
pdfTeX warning (dest): name{Hfootnote.42} has been referenced but does not ex
ist, replaced by a fixed one

pdfTeX warning (dest): name{Hfootnote.41} has been referenced but does not exis
t, replaced by a fixed one

pdfTeX warning (dest): name{Hfootnote.40} has been referenced but does not exis
t, replaced by a fixed one

pdfTeX warning (dest): name{Hfootnote.39} has been referenced but does not exis
t, replaced by a fixed one

pdfTeX warning (dest): name{Hfootnote.38} has been referenced but does not exis
t, replaced by a fixed one

pdfTeX warning (dest): name{Hfootnote.37} has been referenced but does not exis
t, replaced by a fixed one

pdfTeX warning (dest): name{Hfootnote.36} has been referenced but does not exis
t, replaced by a fixed one

pdfTeX warning (dest): name{Hfootnote.35} has been referenced but does not exis
t, replaced by a fixed one

pdfTeX warning (dest): name{Hfootnote.34} has been referenced but does not exis
t, replaced by a fixed one

pdfTeX warning (dest): name{Hfootnote.33} has been referenced but does not exis
t, replaced by a fixed one

pdfTeX warning (dest): name{Hfootnote.32} has been referenced but does not exis
t, replaced by a fixed one

pdfTeX warning (dest): name{Hfootnote.31} has been referenced but does not exis
t, replaced by a fixed one

pdfTeX warning (dest): name{Hfootnote.30} has been referenced but does not exis
t, replaced by a fixed one

pdfTeX warning (dest): name{Hfootnote.29} has been referenced but does not exis
t, replaced by a fixed one

pdfTeX warning (dest): name{Hfootnote.28} has been referenced but does not exis
t, replaced by a fixed one

pdfTeX warning (dest): name{Hfootnote.27} has been referenced but does not exis
t, replaced by a fixed one

pdfTeX warning (dest): name{Hfootnote.26} has been referenced but does not exis
t, replaced by a fixed one

pdfTeX warning (dest): name{Hfootnote.25} has been referenced but does not exis
t, replaced by a fixed one

pdfTeX warning (dest): name{Hfootnote.24} has been referenced but does not exis
t, replaced by a fixed one

pdfTeX warning (dest): name{Hfootnote.23} has been referenced but does not exis
t, replaced by a fixed one

pdfTeX warning (dest): name{Hfootnote.22} has been referenced but does not exis
t, replaced by a fixed one

pdfTeX warning (dest): name{Hfootnote.21} has been referenced but does not exis
t, replaced by a fixed one

pdfTeX warning (dest): name{Hfootnote.20} has been referenced but does not exis
t, replaced by a fixed one

pdfTeX warning (dest): name{Hfootnote.18} has been referenced but does not exis
t, replaced by a fixed one

pdfTeX warning (dest): name{Hfootnote.19} has been referenced but does not exis
t, replaced by a fixed one

pdfTeX warning (dest): name{Hfootnote.17} has been referenced but does not exis
t, replaced by a fixed one

pdfTeX warning (dest): name{Hfootnote.16} has been referenced but does not exis
t, replaced by a fixed one

pdfTeX warning (dest): name{Hfootnote.15} has been referenced but does not exis
t, replaced by a fixed one

pdfTeX warning (dest): name{Hfootnote.14} has been referenced but does not exis
t, replaced by a fixed one

pdfTeX warning (dest): name{Hfootnote.13} has been referenced but does not exis
t, replaced by a fixed one

pdfTeX warning (dest): name{Hfootnote.12} has been referenced but does not exis
t, replaced by a fixed one

pdfTeX warning (dest): name{Hfootnote.8} has been referenced but does not exist
, replaced by a fixed one

pdfTeX warning (dest): name{Hfootnote.7} has been referenced but does not exist
, replaced by a fixed one

pdfTeX warning (dest): name{Hfootnote.6} has been referenced but does not exist
, replaced by a fixed one

pdfTeX warning (dest): name{Hfootnote.2} has been referenced but does not exist
, replaced by a fixed one

pdfTeX warning (dest): name{Hfootnote.1} has been referenced but does not exist
, replaced by a fixed one

{/usr/share/texmf/fonts/enc/dvips/base/8r.enc}</usr/share/texmf/fonts/type1/pub
lic/amsfonts/cm/cmex10.pfb></usr/share/texmf/fonts/type1/public/amsfonts/cm/cmm
i10.pfb></usr/share/texmf/fonts/type1/public/amsfonts/cm/cmmi12.pfb></usr/share
/texmf/fonts/type1/public/amsfonts/cm/cmmi6.pfb></usr/share/texmf/fonts/type1/p
ublic/amsfonts/cm/cmmi8.pfb></usr/share/texmf/fonts/type1/public/amsfonts/cm/cm
r10.pfb></usr/share/texmf/fonts/type1/public/amsfonts/cm/cmr12.pfb></usr/share/
texmf/fonts/type1/public/amsfonts/cm/cmr6.pfb></usr/share/texmf/fonts/type1/pub
lic/amsfonts/cm/cmr8.pfb></usr/share/texmf/fonts/type1/public/amsfonts/cm/cmsy1
0.pfb></usr/share/texmf/fonts/type1/public/amsfonts/cm/cmsy6.pfb></usr/share/te
xmf/fonts/type1/public/amsfonts/cm/cmsy8.pfb></usr/share/texmf/fonts/type1/publ
ic/amsfonts/cm/cmtt10.pfb></usr/share/texmf/fonts/type1/public/amsfonts/symbols
/msam10.pfb></usr/share/texmf/fonts/type1/urw/helvetic/uhvb8a.pfb></usr/share/t
exmf/fonts/type1/urw/helvetic/uhvbo8a.pfb></usr/share/texmf/fonts/type1/urw/hel
vetic/uhvr8a.pfb></usr/share/texmf/fonts/type1/urw/helvetic/uhvro8a.pfb>
Output written on iTesis.pdf (87 pages, 5931262 bytes).
PDF statistics:
 1579 PDF objects out of 1728 (max. 8388607)
 1347 compressed objects within 14 object streams
 371 named destinations out of 1000 (max. 500000)
 914 words of extra memory for PDF output out of 10000 (max. 10000000)

